Namespace(local_rank=3, model_name='llama3b', dataset_name='open_nq', rep=2, top_k=10, attack_method='PIA', defense_method='keyword', alpha=0.3, beta=3.0, eta=0.0, temperature=1.0, debug=False, save_response=False, use_cache=False, no_vanilla=False)
Loading data from data/open_nq.json......
Namespace(local_rank=0, model_name='llama3b', dataset_name='open_nq', rep=2, top_k=10, attack_method='PIA', defense_method='keyword', alpha=0.3, beta=3.0, eta=0.0, temperature=1.0, debug=False, save_response=False, use_cache=False, no_vanilla=False)
Loading data from data/open_nq.json......
Namespace(local_rank=2, model_name='llama3b', dataset_name='open_nq', rep=2, top_k=10, attack_method='PIA', defense_method='keyword', alpha=0.3, beta=3.0, eta=0.0, temperature=1.0, debug=False, save_response=False, use_cache=False, no_vanilla=False)
Loading data from data/open_nq.json......
Namespace(local_rank=1, model_name='llama3b', dataset_name='open_nq', rep=2, top_k=10, attack_method='PIA', defense_method='keyword', alpha=0.3, beta=3.0, eta=0.0, temperature=1.0, debug=False, save_response=False, use_cache=False, no_vanilla=False)
Loading data from data/open_nq.json......
Total samples: 500
Total samples: 500
Total samples: 500
Total samples: 500
abs: 3.0, relative: 0.3
abs: 3.0, relative: 0.3
abs: 3.0, relative: 0.3
abs: 3.0, relative: 0.3
undefended_corr_cnt: 356
undefended_corr_cnt: 356
undefended_corr_cnt: 356
defended_corr_cnt: 410
defended_corr_cnt: 410
######################## ASR ########################
undefended_corr_cnt: 356
######################## ASR ########################
undefended_asr_cnt: 236
undefended_asr_cnt: 236
defended_asr_cnt: 51
defended_asr_cnt: 51
defended_corr_cnt: 410
######################## ASR ########################
defended_corr_cnt: 410
undefended_asr_cnt: 236
defended_asr_cnt: 51
######################## ASR ########################
undefended_asr_cnt: 236
defended_asr_cnt: 51
Abstain from making response...
Abstain from making response...
Abstain from making response...
Abstain from making response...
undefended_corr_cnt: 395
undefended_corr_cnt: 395
undefended_corr_cnt: 395
undefended_corr_cnt: 395
defended_corr_cnt: 451
######################## ASR ########################
defended_corr_cnt: 451
undefended_asr_cnt: 196
defended_corr_cnt: 451
defended_corr_cnt: 451
defended_asr_cnt: 43
######################## ASR ########################
######################## ASR ########################
######################## ASR ########################
undefended_asr_cnt: 196
undefended_asr_cnt: 196
undefended_asr_cnt: 196
defended_asr_cnt: 43
defended_asr_cnt: 43
defended_asr_cnt: 43
Abstain from making response...
Abstain from making response...
Abstain from making response...
Abstain from making response...
Abstain from making response...
Abstain from making response...
Abstain from making response...
Abstain from making response...
Abstain from making response...
Abstain from making response...
Abstain from making response...
Abstain from making response...
undefended_corr_cnt: 362
undefended_corr_cnt: 362
defended_corr_cnt: 449
######################## ASR ########################
undefended_asr_cnt: 234
defended_corr_cnt: 449
defended_asr_cnt: 40
######################## ASR ########################
undefended_asr_cnt: 234
defended_asr_cnt: 40
undefended_corr_cnt: 362
defended_corr_cnt: 449
undefended_corr_cnt: 362
######################## ASR ########################
undefended_asr_cnt: 234
defended_corr_cnt: 449
defended_asr_cnt: 40
######################## ASR ########################
undefended_asr_cnt: 234
defended_asr_cnt: 40
Abstain from making response...
Abstain from making response...
Abstain from making response...
Abstain from making response...
Abstain from making response...
Abstain from making response...
Abstain from making response...
Abstain from making response...
Abstain from making response...
Abstain from making response...
Abstain from making response...
Abstain from making response...
Abstain from making response...
Abstain from making response...
Abstain from making response...
Abstain from making response...
undefended_corr_cnt: 325
undefended_corr_cnt: 325
defended_corr_cnt: 467
defended_corr_cnt: 467
######################## ASR ########################
######################## ASR ########################
undefended_asr_cnt: 252
undefended_asr_cnt: 252
defended_asr_cnt: 38
undefended_corr_cnt: 325
undefended_corr_cnt: 325
defended_asr_cnt: 38
defended_corr_cnt: 467
defended_corr_cnt: 467
######################## ASR ########################
######################## ASR ########################
undefended_asr_cnt: 252
undefended_asr_cnt: 252
defended_asr_cnt: 38
defended_asr_cnt: 38
Abstain from making response...
Abstain from making response...
Abstain from making response...
Abstain from making response...
Abstain from making response...
Abstain from making response...
Abstain from making response...
Abstain from making response...
Abstain from making response...
Abstain from making response...
Abstain from making response...
Abstain from making response...
Abstain from making response...
Abstain from making response...
Abstain from making response...
Abstain from making response...
Abstain from making response...
Abstain from making response...
Abstain from making response...
Abstain from making response...
undefended_corr_cnt: 265
undefended_corr_cnt: 265
defended_corr_cnt: 458
######################## ASR ########################
undefended_corr_cnt: 265
undefended_asr_cnt: 271
defended_asr_cnt: 38
defended_corr_cnt: 458
######################## ASR ########################
undefended_asr_cnt: 271
defended_asr_cnt: 38
defended_corr_cnt: 458
######################## ASR ########################
undefended_asr_cnt: 271
defended_asr_cnt: 38
undefended_corr_cnt: 265
defended_corr_cnt: 458
######################## ASR ########################
undefended_asr_cnt: 271
defended_asr_cnt: 38
Abstain from making response...
Abstain from making response...
Abstain from making response...
Abstain from making response...
undefended_corr_cnt: 243
undefended_corr_cnt: 243
defended_corr_cnt: 453
######################## ASR ########################
undefended_asr_cnt: 280
defended_asr_cnt: 28
undefended_corr_cnt: 243
undefended_corr_cnt: 243
defended_corr_cnt: 453
######################## ASR ########################
undefended_asr_cnt: 280
defended_asr_cnt: 28
defended_corr_cnt: 453
defended_corr_cnt: 453
######################## ASR ########################
######################## ASR ########################
undefended_asr_cnt: 280
undefended_asr_cnt: 280
defended_asr_cnt: 28
defended_asr_cnt: 28
Abstain from making response...
Abstain from making response...
Abstain from making response...
Abstain from making response...
Abstain from making response...
Abstain from making response...
Abstain from making response...
Abstain from making response...
Abstain from making response...
Abstain from making response...
Abstain from making response...
Abstain from making response...
undefended_corr_cnt: 241
undefended_corr_cnt: 241
undefended_corr_cnt: 241
defended_corr_cnt: 451
defended_corr_cnt: 451
undefended_corr_cnt: 241
######################## ASR ########################
######################## ASR ########################
defended_corr_cnt: 451
undefended_asr_cnt: 303
undefended_asr_cnt: 303
defended_asr_cnt: 34
######################## ASR ########################
defended_asr_cnt: 34
undefended_asr_cnt: 303
defended_asr_cnt: 34
defended_corr_cnt: 451
######################## ASR ########################
undefended_asr_cnt: 303
defended_asr_cnt: 34
Abstain from making response...
Abstain from making response...
Abstain from making response...
Abstain from making response...
Abstain from making response...
Abstain from making response...
Abstain from making response...
Abstain from making response...
Abstain from making response...
Abstain from making response...
Abstain from making response...
Abstain from making response...
undefended_corr_cnt: 224
undefended_corr_cnt: 224
undefended_corr_cnt: 224
undefended_corr_cnt: 224
defended_corr_cnt: 469
defended_corr_cnt: 469
######################## ASR ########################
######################## ASR ########################
defended_corr_cnt: 469
undefended_asr_cnt: 295
undefended_asr_cnt: 295
defended_corr_cnt: 469
defended_asr_cnt: 27
defended_asr_cnt: 27
######################## ASR ########################
######################## ASR ########################
undefended_asr_cnt: 295
undefended_asr_cnt: 295
defended_asr_cnt: 27
defended_asr_cnt: 27
undefended_corr_cnt: 206
defended_corr_cnt: 456
undefended_corr_cnt: 206
undefended_corr_cnt: 206
######################## ASR ########################
undefended_asr_cnt: 309
defended_asr_cnt: 30
undefended_corr_cnt: 206
defended_corr_cnt: 456
defended_corr_cnt: 456
######################## ASR ########################
######################## ASR ########################
undefended_asr_cnt: 309
defended_corr_cnt: 456
undefended_asr_cnt: 309
defended_asr_cnt: 30
defended_asr_cnt: 30
######################## ASR ########################
undefended_asr_cnt: 309
defended_asr_cnt: 30
Abstain from making response...
Abstain from making response...
Abstain from making response...
Abstain from making response...
Abstain from making response...
Abstain from making response...
Abstain from making response...
Abstain from making response...
undefended_corr_cnt: 123
defended_corr_cnt: 467
######################## ASR ########################
undefended_asr_cnt: 318
defended_asr_cnt: 28
undefended_corr_cnt: 123
undefended_corr_cnt: 123
defended_corr_cnt: 467
undefended_corr_cnt: 123
######################## ASR ########################
undefended_asr_cnt: 318
defended_corr_cnt: 467
defended_asr_cnt: 28
######################## ASR ########################
undefended_asr_cnt: 318
defended_asr_cnt: 28
defended_corr_cnt: 467
######################## ASR ########################
undefended_asr_cnt: 318
defended_asr_cnt: 28
abs: 3.0, relative: 0.3
abs: 3.0, relative: 0.3
abs: 3.0, relative: 0.3
abs: 3.0, relative: 0.3
Abstain from making response...
Abstain from making response...
Abstain from making response...
Abstain from making response...
Abstain from making response...
Abstain from making response...
Abstain from making response...
Abstain from making response...
Abstain from making response...
Abstain from making response...
Abstain from making response...
Abstain from making response...
Abstain from making response...
Abstain from making response...
Abstain from making response...
Abstain from making response...
undefended_corr_cnt: 352
undefended_corr_cnt: 352
defended_corr_cnt: 463
######################## ASR ########################
undefended_corr_cnt: 352
undefended_asr_cnt: 241
undefended_corr_cnt: 352
defended_asr_cnt: 57
defended_corr_cnt: 463
######################## ASR ########################
undefended_asr_cnt: 241
defended_corr_cnt: 463
defended_asr_cnt: 57
defended_corr_cnt: 463
######################## ASR ########################
######################## ASR ########################
undefended_asr_cnt: 241
defended_asr_cnt: 57
undefended_asr_cnt: 241
defended_asr_cnt: 57
Abstain from making response...
Abstain from making response...
Abstain from making response...
Abstain from making response...
Abstain from making response...
Abstain from making response...
Abstain from making response...
Abstain from making response...
Abstain from making response...
Abstain from making response...
Abstain from making response...
Abstain from making response...
undefended_corr_cnt: 406
undefended_corr_cnt: 406
undefended_corr_cnt: 406
defended_corr_cnt: 481
defended_corr_cnt: 481
######################## ASR ########################
######################## ASR ########################
undefended_asr_cnt: 194
undefended_asr_cnt: 194
defended_asr_cnt: 46
defended_asr_cnt: 46
undefended_corr_cnt: 406
defended_corr_cnt: 481
######################## ASR ########################
undefended_asr_cnt: 194
defended_asr_cnt: 46
defended_corr_cnt: 481
######################## ASR ########################
undefended_asr_cnt: 194
defended_asr_cnt: 46
Abstain from making response...
Abstain from making response...
Abstain from making response...
Abstain from making response...
Abstain from making response...
Abstain from making response...
Abstain from making response...
Abstain from making response...
Abstain from making response...
Abstain from making response...
Abstain from making response...
Abstain from making response...
undefended_corr_cnt: 353
undefended_corr_cnt: 353
defended_corr_cnt: 475
######################## ASR ########################
undefended_asr_cnt: 236
defended_corr_cnt: 475
defended_asr_cnt: 37
######################## ASR ########################
undefended_corr_cnt: 353
undefended_asr_cnt: 236
defended_asr_cnt: 37
defended_corr_cnt: 475
######################## ASR ########################
undefended_asr_cnt: 236
undefended_corr_cnt: 353
defended_asr_cnt: 37
defended_corr_cnt: 475
######################## ASR ########################
undefended_asr_cnt: 236
defended_asr_cnt: 37
Abstain from making response...
Abstain from making response...
Abstain from making response...
Abstain from making response...
Abstain from making response...
Abstain from making response...
Abstain from making response...
Abstain from making response...
undefended_corr_cnt: 323
undefended_corr_cnt: 323
undefended_corr_cnt: 323
defended_corr_cnt: 476
defended_corr_cnt: 476
######################## ASR ########################
######################## ASR ########################
defended_corr_cnt: 476
undefended_asr_cnt: 256
undefended_asr_cnt: 256
defended_asr_cnt: 37
defended_asr_cnt: 37
######################## ASR ########################
undefended_asr_cnt: 256
defended_asr_cnt: 37
undefended_corr_cnt: 323
defended_corr_cnt: 476
######################## ASR ########################
undefended_asr_cnt: 256
defended_asr_cnt: 37
Abstain from making response...
Abstain from making response...
Abstain from making response...
Abstain from making response...
Abstain from making response...
Abstain from making response...
Abstain from making response...
Abstain from making response...
undefended_corr_cnt: 274
undefended_corr_cnt: 274
undefended_corr_cnt: 274
undefended_corr_cnt: 274
defended_corr_cnt: 485
######################## ASR ########################
defended_corr_cnt: 485
undefended_asr_cnt: 267
defended_corr_cnt: 485
defended_asr_cnt: 30
######################## ASR ########################
######################## ASR ########################
defended_corr_cnt: 485
undefended_asr_cnt: 267
undefended_asr_cnt: 267
defended_asr_cnt: 30
######################## ASR ########################
defended_asr_cnt: 30
undefended_asr_cnt: 267
defended_asr_cnt: 30
undefended_corr_cnt: 240
undefended_corr_cnt: 240
undefended_corr_cnt: 240
defended_corr_cnt: 492
defended_corr_cnt: 492
defended_corr_cnt: 492
######################## ASR ########################
######################## ASR ########################
undefended_asr_cnt: 291
undefended_asr_cnt: 291
######################## ASR ########################
defended_asr_cnt: 38
defended_asr_cnt: 38
undefended_asr_cnt: 291
defended_asr_cnt: 38
undefended_corr_cnt: 240
defended_corr_cnt: 492
######################## ASR ########################
undefended_asr_cnt: 291
defended_asr_cnt: 38
Abstain from making response...
Abstain from making response...
Abstain from making response...
Abstain from making response...
Abstain from making response...
Abstain from making response...
Abstain from making response...
Abstain from making response...
undefended_corr_cnt: 235
undefended_corr_cnt: 235
undefended_corr_cnt: 235
defended_corr_cnt: 497
defended_corr_cnt: 497
######################## ASR ########################
defended_corr_cnt: 497
undefended_asr_cnt: 295
######################## ASR ########################
######################## ASR ########################
defended_asr_cnt: 35
undefended_asr_cnt: 295
undefended_asr_cnt: 295
defended_asr_cnt: 35
defended_asr_cnt: 35
undefended_corr_cnt: 235
defended_corr_cnt: 497
######################## ASR ########################
undefended_asr_cnt: 295
defended_asr_cnt: 35
Abstain from making response...
Abstain from making response...
Abstain from making response...
Abstain from making response...
Abstain from making response...
Abstain from making response...
Abstain from making response...
Abstain from making response...
Abstain from making response...
Abstain from making response...
Abstain from making response...
Abstain from making response...
Abstain from making response...
Abstain from making response...
Abstain from making response...
Abstain from making response...
undefended_corr_cnt: 225
undefended_corr_cnt: 225
undefended_corr_cnt: 225
undefended_corr_cnt: 225
defended_corr_cnt: 483
defended_corr_cnt: 483
defended_corr_cnt: 483
######################## ASR ########################
######################## ASR ########################
undefended_asr_cnt: 302
######################## ASR ########################
undefended_asr_cnt: 302
defended_asr_cnt: 32
undefended_asr_cnt: 302
defended_asr_cnt: 32
defended_asr_cnt: 32
defended_corr_cnt: 483
######################## ASR ########################
undefended_asr_cnt: 302
defended_asr_cnt: 32
Abstain from making response...
Abstain from making response...
Abstain from making response...
Abstain from making response...
Abstain from making response...
Abstain from making response...
Abstain from making response...
Abstain from making response...
Abstain from making response...
Abstain from making response...
Abstain from making response...
Abstain from making response...
undefended_corr_cnt: 208
undefended_corr_cnt: 208
undefended_corr_cnt: 208
defended_corr_cnt: 495
defended_corr_cnt: 495
defended_corr_cnt: 495
######################## ASR ########################
######################## ASR ########################
######################## ASR ########################
undefended_asr_cnt: 296
undefended_asr_cnt: 296
undefended_asr_cnt: 296
defended_asr_cnt: 30
defended_asr_cnt: 30
defended_asr_cnt: 30
undefended_corr_cnt: 208
defended_corr_cnt: 495
######################## ASR ########################
undefended_asr_cnt: 296
defended_asr_cnt: 30
Abstain from making response...
Abstain from making response...
Abstain from making response...
Abstain from making response...
Abstain from making response...
Abstain from making response...
Abstain from making response...
Abstain from making response...
undefended_corr_cnt: 127
defended_corr_cnt: 493
######################## ASR ########################
undefended_corr_cnt: 127
undefended_asr_cnt: 340
undefended_corr_cnt: 127
defended_asr_cnt: 32
undefended_corr_cnt: 127
defended_corr_cnt: 493
defended_corr_cnt: 493
######################## ASR ########################
######################## ASR ########################
undefended_asr_cnt: 340
undefended_asr_cnt: 340
defended_asr_cnt: 32
defended_corr_cnt: 493
defended_asr_cnt: 32
######################## ASR ########################
undefended_asr_cnt: 340
defended_asr_cnt: 32
abs: 3.0, relative: 0.3
abs: 3.0, relative: 0.3
abs: 3.0, relative: 0.3
abs: 3.0, relative: 0.3
Abstain from making response...
Abstain from making response...
Abstain from making response...
Abstain from making response...
Abstain from making response...
Abstain from making response...
Abstain from making response...
Abstain from making response...
undefended_corr_cnt: 359
undefended_corr_cnt: 359
undefended_corr_cnt: 359
undefended_corr_cnt: 359
defended_corr_cnt: 486
defended_corr_cnt: 486
######################## ASR ########################
######################## ASR ########################
undefended_asr_cnt: 226
undefended_asr_cnt: 226
defended_corr_cnt: 486
defended_corr_cnt: 486
defended_asr_cnt: 46
defended_asr_cnt: 46
######################## ASR ########################
######################## ASR ########################
undefended_asr_cnt: 226
undefended_asr_cnt: 226
defended_asr_cnt: 46
defended_asr_cnt: 46
Abstain from making response...
Abstain from making response...
Abstain from making response...
Abstain from making response...
Abstain from making response...
Abstain from making response...
Abstain from making response...
Abstain from making response...
Abstain from making response...
Abstain from making response...
Abstain from making response...
Abstain from making response...
Abstain from making response...
Abstain from making response...
Abstain from making response...
Abstain from making response...
Abstain from making response...
Abstain from making response...
Abstain from making response...
Abstain from making response...
undefended_corr_cnt: 413
undefended_corr_cnt: 413
undefended_corr_cnt: 413
undefended_corr_cnt: 413
defended_corr_cnt: 501
defended_corr_cnt: 501
defended_corr_cnt: 501
defended_corr_cnt: 501
######################## ASR ########################
######################## ASR ########################
######################## ASR ########################
######################## ASR ########################
undefended_asr_cnt: 195
undefended_asr_cnt: 195
undefended_asr_cnt: 195
undefended_asr_cnt: 195
defended_asr_cnt: 43
defended_asr_cnt: 43
defended_asr_cnt: 43
defended_asr_cnt: 43
Abstain from making response...
Abstain from making response...
Abstain from making response...
Abstain from making response...
Abstain from making response...
Abstain from making response...
Abstain from making response...
Abstain from making response...
Abstain from making response...
Abstain from making response...
Abstain from making response...
Abstain from making response...
undefended_corr_cnt: 367
defended_corr_cnt: 504
######################## ASR ########################
undefended_asr_cnt: 230
defended_asr_cnt: 34
undefended_corr_cnt: 367
undefended_corr_cnt: 367
undefended_corr_cnt: 367
defended_corr_cnt: 504
defended_corr_cnt: 504
######################## ASR ########################
######################## ASR ########################
undefended_asr_cnt: 230
defended_corr_cnt: 504
undefended_asr_cnt: 230
defended_asr_cnt: 34
defended_asr_cnt: 34
######################## ASR ########################
undefended_asr_cnt: 230
defended_asr_cnt: 34
Abstain from making response...
Abstain from making response...
Abstain from making response...
Abstain from making response...
undefended_corr_cnt: 314
undefended_corr_cnt: 314
undefended_corr_cnt: 314
undefended_corr_cnt: 314
defended_corr_cnt: 508
defended_corr_cnt: 508
######################## ASR ########################
######################## ASR ########################
undefended_asr_cnt: 262
defended_corr_cnt: 508
undefended_asr_cnt: 262
defended_asr_cnt: 36
defended_corr_cnt: 508
defended_asr_cnt: 36
######################## ASR ########################
######################## ASR ########################
undefended_asr_cnt: 262
undefended_asr_cnt: 262
defended_asr_cnt: 36
defended_asr_cnt: 36
Abstain from making response...
Abstain from making response...
Abstain from making response...
Abstain from making response...
undefended_corr_cnt: 274
defended_corr_cnt: 497
######################## ASR ########################
undefended_asr_cnt: 282
defended_asr_cnt: 32
undefended_corr_cnt: 274
defended_corr_cnt: 497
######################## ASR ########################
undefended_asr_cnt: 282
defended_asr_cnt: 32
undefended_corr_cnt: 274
defended_corr_cnt: 497
######################## ASR ########################
undefended_asr_cnt: 282
defended_asr_cnt: 32
undefended_corr_cnt: 274
defended_corr_cnt: 497
######################## ASR ########################
undefended_asr_cnt: 282
defended_asr_cnt: 32
Abstain from making response...
Abstain from making response...
Abstain from making response...
Abstain from making response...
undefended_corr_cnt: 261
undefended_corr_cnt: 261
undefended_corr_cnt: 261
undefended_corr_cnt: 261
defended_corr_cnt: 498
defended_corr_cnt: 498
######################## ASR ########################
######################## ASR ########################
undefended_asr_cnt: 286
defended_corr_cnt: 498
undefended_asr_cnt: 286
defended_asr_cnt: 28
defended_asr_cnt: 28
defended_corr_cnt: 498
######################## ASR ########################
undefended_asr_cnt: 286
######################## ASR ########################
defended_asr_cnt: 28
undefended_asr_cnt: 286
defended_asr_cnt: 28
Abstain from making response...
Abstain from making response...
Abstain from making response...
Abstain from making response...
Abstain from making response...
Abstain from making response...
Abstain from making response...
Abstain from making response...
undefended_corr_cnt: 238
defended_corr_cnt: 510
######################## ASR ########################
undefended_asr_cnt: 296
undefended_corr_cnt: 238
defended_asr_cnt: 37
undefended_corr_cnt: 238
defended_corr_cnt: 510
######################## ASR ########################
undefended_corr_cnt: 238
undefended_asr_cnt: 296
defended_corr_cnt: 510
defended_asr_cnt: 37
######################## ASR ########################
undefended_asr_cnt: 296
defended_asr_cnt: 37
defended_corr_cnt: 510
######################## ASR ########################
undefended_asr_cnt: 296
defended_asr_cnt: 37
Abstain from making response...
Abstain from making response...
Abstain from making response...
Abstain from making response...
Abstain from making response...
Abstain from making response...
Abstain from making response...
Abstain from making response...
Abstain from making response...
Abstain from making response...
Abstain from making response...
Abstain from making response...
undefended_corr_cnt: 226
undefended_corr_cnt: 226
undefended_corr_cnt: 226
undefended_corr_cnt: 226
defended_corr_cnt: 505
defended_corr_cnt: 505
######################## ASR ########################
######################## ASR ########################
undefended_asr_cnt: 284
defended_corr_cnt: 505
undefended_asr_cnt: 284
defended_asr_cnt: 29
defended_corr_cnt: 505
defended_asr_cnt: 29
######################## ASR ########################
######################## ASR ########################
undefended_asr_cnt: 284
undefended_asr_cnt: 284
defended_asr_cnt: 29
defended_asr_cnt: 29
Abstain from making response...
Abstain from making response...
Abstain from making response...
Abstain from making response...
Abstain from making response...
Abstain from making response...
Abstain from making response...
Abstain from making response...
Abstain from making response...
Abstain from making response...
Abstain from making response...
Abstain from making response...
undefended_corr_cnt: 208
undefended_corr_cnt: 208
undefended_corr_cnt: 208
defended_corr_cnt: 512
defended_corr_cnt: 512
defended_corr_cnt: 512
######################## ASR ########################
######################## ASR ########################
######################## ASR ########################
undefended_asr_cnt: 290
undefended_asr_cnt: 290
undefended_asr_cnt: 290
undefended_corr_cnt: 208
defended_asr_cnt: 29
defended_asr_cnt: 29
defended_asr_cnt: 29
defended_corr_cnt: 512
######################## ASR ########################
undefended_asr_cnt: 290
defended_asr_cnt: 29
Abstain from making response...
Abstain from making response...
Abstain from making response...
Abstain from making response...
Abstain from making response...
Abstain from making response...
Abstain from making response...
Abstain from making response...
undefended_corr_cnt: 117
undefended_corr_cnt: 117
undefended_corr_cnt: 117
undefended_corr_cnt: 117
defended_corr_cnt: 522
######################## ASR ########################
undefended_asr_cnt: 333
defended_corr_cnt: 522
defended_asr_cnt: 28
defended_corr_cnt: 522
######################## ASR ########################
defended_corr_cnt: 522
undefended_asr_cnt: 333
######################## ASR ########################
######################## ASR ########################
defended_asr_cnt: 28
undefended_asr_cnt: 333
undefended_asr_cnt: 333
defended_asr_cnt: 28
defended_asr_cnt: 28
abs: 3.0, relative: 0.3
abs: 3.0, relative: 0.3
abs: 3.0, relative: 0.3
abs: 3.0, relative: 0.3
Abstain from making response...
Abstain from making response...
Abstain from making response...
Abstain from making response...
Abstain from making response...
Abstain from making response...
Abstain from making response...
Abstain from making response...
Abstain from making response...
Abstain from making response...
Abstain from making response...
Abstain from making response...
undefended_corr_cnt: 356
undefended_corr_cnt: 356
undefended_corr_cnt: 356
undefended_corr_cnt: 356
defended_corr_cnt: 508
defended_corr_cnt: 508
######################## ASR ########################
######################## ASR ########################
undefended_asr_cnt: 227
undefended_asr_cnt: 227
defended_asr_cnt: 45
defended_asr_cnt: 45
defended_corr_cnt: 508
defended_corr_cnt: 508
######################## ASR ########################
######################## ASR ########################
undefended_asr_cnt: 227
undefended_asr_cnt: 227
defended_asr_cnt: 45
defended_asr_cnt: 45
Abstain from making response...
Abstain from making response...
Abstain from making response...
Abstain from making response...
Abstain from making response...
Abstain from making response...
Abstain from making response...
Abstain from making response...
undefended_corr_cnt: 401
undefended_corr_cnt: 401
undefended_corr_cnt: 401
undefended_corr_cnt: 401
defended_corr_cnt: 519
######################## ASR ########################
defended_corr_cnt: 519
defended_corr_cnt: 519
undefended_asr_cnt: 198
######################## ASR ########################
######################## ASR ########################
defended_corr_cnt: 519
defended_asr_cnt: 49
undefended_asr_cnt: 198
undefended_asr_cnt: 198
######################## ASR ########################
defended_asr_cnt: 49
defended_asr_cnt: 49
undefended_asr_cnt: 198
defended_asr_cnt: 49
Abstain from making response...
Abstain from making response...
Abstain from making response...
Abstain from making response...
Abstain from making response...
Abstain from making response...
Abstain from making response...
Abstain from making response...
Abstain from making response...
Abstain from making response...
Abstain from making response...
Abstain from making response...
undefended_corr_cnt: 355
defended_corr_cnt: 521
######################## ASR ########################
undefended_asr_cnt: 225
defended_asr_cnt: 46
undefended_corr_cnt: 355
undefended_corr_cnt: 355
undefended_corr_cnt: 355
defended_corr_cnt: 521
defended_corr_cnt: 521
######################## ASR ########################
######################## ASR ########################
undefended_asr_cnt: 225
undefended_asr_cnt: 225
defended_asr_cnt: 46
defended_asr_cnt: 46
defended_corr_cnt: 521
######################## ASR ########################
undefended_asr_cnt: 225
defended_asr_cnt: 46
Abstain from making response...
Abstain from making response...
Abstain from making response...
Abstain from making response...
Abstain from making response...
Abstain from making response...
Abstain from making response...
Abstain from making response...
Abstain from making response...
Abstain from making response...
Abstain from making response...
Abstain from making response...
undefended_corr_cnt: 317
undefended_corr_cnt: 317
defended_corr_cnt: 519
######################## ASR ########################
undefended_asr_cnt: 270
defended_corr_cnt: 519
defended_asr_cnt: 37
######################## ASR ########################
undefended_corr_cnt: 317
undefended_asr_cnt: 270
defended_asr_cnt: 37
defended_corr_cnt: 519
######################## ASR ########################
undefended_asr_cnt: 270
defended_asr_cnt: 37
undefended_corr_cnt: 317
defended_corr_cnt: 519
######################## ASR ########################
undefended_asr_cnt: 270
defended_asr_cnt: 37
Abstain from making response...
Abstain from making response...
Abstain from making response...
Abstain from making response...
Abstain from making response...
Abstain from making response...
Abstain from making response...
Abstain from making response...
Abstain from making response...
Abstain from making response...
Abstain from making response...
Abstain from making response...
Abstain from making response...
Abstain from making response...
Abstain from making response...
Abstain from making response...
Abstain from making response...
Abstain from making response...
Abstain from making response...
Abstain from making response...
undefended_corr_cnt: 278
defended_corr_cnt: 532
undefended_corr_cnt: 278
######################## ASR ########################
undefended_asr_cnt: 267
defended_corr_cnt: 532
defended_asr_cnt: 35
######################## ASR ########################
undefended_asr_cnt: 267
defended_asr_cnt: 35
undefended_corr_cnt: 278
defended_corr_cnt: 532
######################## ASR ########################
undefended_asr_cnt: 267
defended_asr_cnt: 35
undefended_corr_cnt: 278
defended_corr_cnt: 532
######################## ASR ########################
undefended_asr_cnt: 267
defended_asr_cnt: 35
Abstain from making response...
Abstain from making response...
Abstain from making response...
Abstain from making response...
undefended_corr_cnt: 248
undefended_corr_cnt: 248
undefended_corr_cnt: 248
undefended_corr_cnt: 248
defended_corr_cnt: 523
defended_corr_cnt: 523
######################## ASR ########################
######################## ASR ########################
undefended_asr_cnt: 281
defended_corr_cnt: 523
undefended_asr_cnt: 281
defended_corr_cnt: 523
defended_asr_cnt: 29
defended_asr_cnt: 29
######################## ASR ########################
######################## ASR ########################
undefended_asr_cnt: 281
undefended_asr_cnt: 281
defended_asr_cnt: 29
defended_asr_cnt: 29
Abstain from making response...
Abstain from making response...
Abstain from making response...
Abstain from making response...
undefended_corr_cnt: 232
undefended_corr_cnt: 232
undefended_corr_cnt: 232
undefended_corr_cnt: 232
defended_corr_cnt: 529
defended_corr_cnt: 529
######################## ASR ########################
######################## ASR ########################
undefended_asr_cnt: 296
defended_corr_cnt: 529
undefended_asr_cnt: 296
defended_asr_cnt: 31
defended_corr_cnt: 529
defended_asr_cnt: 31
######################## ASR ########################
######################## ASR ########################
undefended_asr_cnt: 296
undefended_asr_cnt: 296
defended_asr_cnt: 31
defended_asr_cnt: 31
Abstain from making response...
Abstain from making response...
Abstain from making response...
Abstain from making response...
Abstain from making response...
Abstain from making response...
Abstain from making response...
Abstain from making response...
Abstain from making response...
Abstain from making response...
Abstain from making response...
Abstain from making response...
undefended_corr_cnt: 225
undefended_corr_cnt: 225
undefended_corr_cnt: 225
undefended_corr_cnt: 225
defended_corr_cnt: 517
defended_corr_cnt: 517
######################## ASR ########################
######################## ASR ########################
defended_corr_cnt: 517
undefended_asr_cnt: 303
undefended_asr_cnt: 303
defended_corr_cnt: 517
defended_asr_cnt: 36
defended_asr_cnt: 36
######################## ASR ########################
######################## ASR ########################
undefended_asr_cnt: 303
undefended_asr_cnt: 303
defended_asr_cnt: 36
defended_asr_cnt: 36
Abstain from making response...
Abstain from making response...
Abstain from making response...
Abstain from making response...
Abstain from making response...
Abstain from making response...
Abstain from making response...
Abstain from making response...
undefended_corr_cnt: 210
undefended_corr_cnt: 210
undefended_corr_cnt: 210
defended_corr_cnt: 534
######################## ASR ########################
undefended_corr_cnt: 210
undefended_asr_cnt: 302
defended_corr_cnt: 534
defended_asr_cnt: 34
defended_corr_cnt: 534
######################## ASR ########################
######################## ASR ########################
undefended_asr_cnt: 302
undefended_asr_cnt: 302
defended_asr_cnt: 34
defended_asr_cnt: 34
defended_corr_cnt: 534
######################## ASR ########################
undefended_asr_cnt: 302
defended_asr_cnt: 34
Abstain from making response...
Abstain from making response...
Abstain from making response...
Abstain from making response...
Abstain from making response...
Abstain from making response...
Abstain from making response...
Abstain from making response...
undefended_corr_cnt: 128
undefended_corr_cnt: 128
undefended_corr_cnt: 128
undefended_corr_cnt: 128
defended_corr_cnt: 522
defended_corr_cnt: 522
######################## ASR ########################
######################## ASR ########################
defended_corr_cnt: 522
undefended_asr_cnt: 330
defended_corr_cnt: 522
undefended_asr_cnt: 330
defended_asr_cnt: 33
defended_asr_cnt: 33
######################## ASR ########################
######################## ASR ########################
undefended_asr_cnt: 330
undefended_asr_cnt: 330
defended_asr_cnt: 33
defended_asr_cnt: 33
abs: 3.0, relative: 0.3
abs: 3.0, relative: 0.3
abs: 3.0, relative: 0.3
abs: 3.0, relative: 0.3
Abstain from making response...
Abstain from making response...
Abstain from making response...
Abstain from making response...
Abstain from making response...
Abstain from making response...
Abstain from making response...
Abstain from making response...
undefended_corr_cnt: 354
undefended_corr_cnt: 354
undefended_corr_cnt: 354
defended_corr_cnt: 528
defended_corr_cnt: 528
######################## ASR ########################
######################## ASR ########################
undefended_asr_cnt: 242
undefended_asr_cnt: 242
defended_corr_cnt: 528
defended_asr_cnt: 43
defended_asr_cnt: 43
undefended_corr_cnt: 354
######################## ASR ########################
undefended_asr_cnt: 242
defended_asr_cnt: 43
defended_corr_cnt: 528
######################## ASR ########################
undefended_asr_cnt: 242
defended_asr_cnt: 43
Abstain from making response...
Abstain from making response...
Abstain from making response...
Abstain from making response...
Abstain from making response...
Abstain from making response...
Abstain from making response...
Abstain from making response...
Abstain from making response...
Abstain from making response...
Abstain from making response...
Abstain from making response...
undefended_corr_cnt: 410
undefended_corr_cnt: 410
undefended_corr_cnt: 410
defended_corr_cnt: 526
undefended_corr_cnt: 410
######################## ASR ########################
defended_corr_cnt: 526
undefended_asr_cnt: 207
######################## ASR ########################
defended_asr_cnt: 43
defended_corr_cnt: 526
undefended_asr_cnt: 207
######################## ASR ########################
defended_asr_cnt: 43
undefended_asr_cnt: 207
defended_corr_cnt: 526
defended_asr_cnt: 43
######################## ASR ########################
undefended_asr_cnt: 207
defended_asr_cnt: 43
Abstain from making response...
Abstain from making response...
Abstain from making response...
Abstain from making response...
Abstain from making response...
Abstain from making response...
Abstain from making response...
Abstain from making response...
Abstain from making response...
Abstain from making response...
Abstain from making response...
Abstain from making response...
Abstain from making response...
Abstain from making response...
Abstain from making response...
Abstain from making response...
undefended_corr_cnt: 363
undefended_corr_cnt: 363
defended_corr_cnt: 537
undefended_corr_cnt: 363
undefended_corr_cnt: 363
######################## ASR ########################
undefended_asr_cnt: 236
defended_corr_cnt: 537
defended_asr_cnt: 45
######################## ASR ########################
undefended_asr_cnt: 236
defended_corr_cnt: 537
defended_asr_cnt: 45
defended_corr_cnt: 537
######################## ASR ########################
######################## ASR ########################
undefended_asr_cnt: 236
undefended_asr_cnt: 236
defended_asr_cnt: 45
defended_asr_cnt: 45
Abstain from making response...
Abstain from making response...
Abstain from making response...
Abstain from making response...
Abstain from making response...
Abstain from making response...
Abstain from making response...
Abstain from making response...
Abstain from making response...
Abstain from making response...
Abstain from making response...
Abstain from making response...
undefended_corr_cnt: 315
undefended_corr_cnt: 315
undefended_corr_cnt: 315
undefended_corr_cnt: 315
defended_corr_cnt: 532
defended_corr_cnt: 532
######################## ASR ########################
######################## ASR ########################
undefended_asr_cnt: 262
defended_corr_cnt: 532
undefended_asr_cnt: 262
defended_corr_cnt: 532
defended_asr_cnt: 37
defended_asr_cnt: 37
######################## ASR ########################
######################## ASR ########################
undefended_asr_cnt: 262
undefended_asr_cnt: 262
defended_asr_cnt: 37
defended_asr_cnt: 37
Abstain from making response...
Abstain from making response...
Abstain from making response...
Abstain from making response...
Abstain from making response...
Abstain from making response...
Abstain from making response...
Abstain from making response...
undefended_corr_cnt: 292
undefended_corr_cnt: 292
undefended_corr_cnt: 292
defended_corr_cnt: 535
######################## ASR ########################
defended_corr_cnt: 535
undefended_asr_cnt: 260
######################## ASR ########################
defended_asr_cnt: 42
undefended_asr_cnt: 260
defended_corr_cnt: 535
defended_asr_cnt: 42
######################## ASR ########################
undefended_asr_cnt: 260
defended_asr_cnt: 42
undefended_corr_cnt: 292
defended_corr_cnt: 535
######################## ASR ########################
undefended_asr_cnt: 260
defended_asr_cnt: 42
Abstain from making response...
Abstain from making response...
Abstain from making response...
Abstain from making response...
undefended_corr_cnt: 245
undefended_corr_cnt: 245
undefended_corr_cnt: 245
undefended_corr_cnt: 245
defended_corr_cnt: 533
defended_corr_cnt: 533
######################## ASR ########################
######################## ASR ########################
undefended_asr_cnt: 279
undefended_asr_cnt: 279
defended_corr_cnt: 533
defended_corr_cnt: 533
defended_asr_cnt: 36
defended_asr_cnt: 36
######################## ASR ########################
######################## ASR ########################
undefended_asr_cnt: 279
undefended_asr_cnt: 279
defended_asr_cnt: 36
defended_asr_cnt: 36
Abstain from making response...
Abstain from making response...
Abstain from making response...
Abstain from making response...
Abstain from making response...
Abstain from making response...
Abstain from making response...
Abstain from making response...
Abstain from making response...
Abstain from making response...
Abstain from making response...
Abstain from making response...
Abstain from making response...
Abstain from making response...
Abstain from making response...
Abstain from making response...
undefended_corr_cnt: 240
defended_corr_cnt: 526
######################## ASR ########################
undefended_asr_cnt: 288
defended_asr_cnt: 43
undefended_corr_cnt: 240
undefended_corr_cnt: 240
defended_corr_cnt: 526
######################## ASR ########################
undefended_asr_cnt: 288
defended_asr_cnt: 43
defended_corr_cnt: 526
######################## ASR ########################
undefended_corr_cnt: 240
undefended_asr_cnt: 288
defended_asr_cnt: 43
defended_corr_cnt: 526
######################## ASR ########################
undefended_asr_cnt: 288
defended_asr_cnt: 43
Abstain from making response...
Abstain from making response...
Abstain from making response...
Abstain from making response...
Abstain from making response...
Abstain from making response...
Abstain from making response...
Abstain from making response...
Abstain from making response...
Abstain from making response...
Abstain from making response...
Abstain from making response...
undefended_corr_cnt: 218
defended_corr_cnt: 533
######################## ASR ########################
undefended_corr_cnt: 218
undefended_asr_cnt: 292
defended_asr_cnt: 37
undefended_corr_cnt: 218
undefended_corr_cnt: 218
defended_corr_cnt: 533
######################## ASR ########################
undefended_asr_cnt: 292
defended_asr_cnt: 37
defended_corr_cnt: 533
######################## ASR ########################
defended_corr_cnt: 533
undefended_asr_cnt: 292
defended_asr_cnt: 37
######################## ASR ########################
undefended_asr_cnt: 292
defended_asr_cnt: 37
Abstain from making response...
Abstain from making response...
Abstain from making response...
Abstain from making response...
undefended_corr_cnt: 215
undefended_corr_cnt: 215
defended_corr_cnt: 534
undefended_corr_cnt: 215
######################## ASR ########################
undefended_asr_cnt: 315
undefended_corr_cnt: 215
defended_asr_cnt: 41
defended_corr_cnt: 534
defended_corr_cnt: 534
######################## ASR ########################
######################## ASR ########################
undefended_asr_cnt: 315
defended_corr_cnt: 534
undefended_asr_cnt: 315
defended_asr_cnt: 41
defended_asr_cnt: 41
######################## ASR ########################
undefended_asr_cnt: 315
defended_asr_cnt: 41
Abstain from making response...
Abstain from making response...
Abstain from making response...
Abstain from making response...
Abstain from making response...
Abstain from making response...
Abstain from making response...
Abstain from making response...
undefended_corr_cnt: 126
undefended_corr_cnt: 126
undefended_corr_cnt: 126
defended_corr_cnt: 541
defended_corr_cnt: 541
######################## ASR ########################
defended_corr_cnt: 541
undefended_asr_cnt: 320
######################## ASR ########################
undefended_corr_cnt: 126
defended_asr_cnt: 39
######################## ASR ########################
undefended_asr_cnt: 320
defended_asr_cnt: 39
undefended_asr_cnt: 320
defended_asr_cnt: 39
defended_corr_cnt: 541
######################## ASR ########################
undefended_asr_cnt: 320
defended_asr_cnt: 39
