Namespace(local_rank=1, model_name='llama3b', dataset_name='realtimeqa', rep=5, top_k=10, attack_method='Poison', defense_method='greedy', alpha=0.3, beta=3.0, eta=0.05, temperature=1.0, debug=False, save_response=False, use_cache=False, no_vanilla=False)
Loading data from data/realtimeqa.json......
Namespace(local_rank=3, model_name='llama3b', dataset_name='realtimeqa', rep=5, top_k=10, attack_method='Poison', defense_method='greedy', alpha=0.3, beta=3.0, eta=0.05, temperature=1.0, debug=False, save_response=False, use_cache=False, no_vanilla=False)
Namespace(local_rank=0, model_name='llama3b', dataset_name='realtimeqa', rep=5, top_k=10, attack_method='Poison', defense_method='greedy', alpha=0.3, beta=3.0, eta=0.05, temperature=1.0, debug=False, save_response=False, use_cache=False, no_vanilla=False)
Namespace(local_rank=2, model_name='llama3b', dataset_name='realtimeqa', rep=5, top_k=10, attack_method='Poison', defense_method='greedy', alpha=0.3, beta=3.0, eta=0.05, temperature=1.0, debug=False, save_response=False, use_cache=False, no_vanilla=False)
Loading data from data/realtimeqa.json......
Loading data from data/realtimeqa.json......
Loading data from data/realtimeqa.json......
Total samples: 100
Total samples: 100
Total samples: 100
Total samples: 100
undefended_corr_cnt: 280
defended_corr_cnt: 45
######################## ASR ########################
undefended_asr_cnt: 35
undefended_corr_cnt: 280
defended_asr_cnt: 265
undefended_corr_cnt: 280
undefended_corr_cnt: 280
defended_corr_cnt: 45
defended_corr_cnt: 45
######################## ASR ########################
######################## ASR ########################
undefended_asr_cnt: 35
undefended_asr_cnt: 35
defended_corr_cnt: 45
defended_asr_cnt: 265
defended_asr_cnt: 265
######################## ASR ########################
undefended_asr_cnt: 35
defended_asr_cnt: 265
undefended_corr_cnt: 303
undefended_corr_cnt: 303
undefended_corr_cnt: 303
undefended_corr_cnt: 303
defended_corr_cnt: 90
defended_corr_cnt: 90
######################## ASR ########################
######################## ASR ########################
undefended_asr_cnt: 29
defended_corr_cnt: 90
undefended_asr_cnt: 29
defended_corr_cnt: 90
defended_asr_cnt: 165
defended_asr_cnt: 165
######################## ASR ########################
######################## ASR ########################
undefended_asr_cnt: 29
undefended_asr_cnt: 29
defended_asr_cnt: 165
defended_asr_cnt: 165
undefended_corr_cnt: 288
defended_corr_cnt: 130
######################## ASR ########################
undefended_asr_cnt: 41
undefended_corr_cnt: 288
defended_asr_cnt: 110
undefended_corr_cnt: 288
undefended_corr_cnt: 288
defended_corr_cnt: 130
defended_corr_cnt: 130
######################## ASR ########################
undefended_asr_cnt: 41
######################## ASR ########################
defended_asr_cnt: 110
undefended_asr_cnt: 41
defended_corr_cnt: 130
defended_asr_cnt: 110
######################## ASR ########################
undefended_asr_cnt: 41
defended_asr_cnt: 110
undefended_corr_cnt: 291
defended_corr_cnt: 170
######################## ASR ########################
undefended_asr_cnt: 36
defended_asr_cnt: 60
undefended_corr_cnt: 291
undefended_corr_cnt: 291
undefended_corr_cnt: 291
defended_corr_cnt: 170
defended_corr_cnt: 170
######################## ASR ########################
######################## ASR ########################
undefended_asr_cnt: 36
defended_corr_cnt: 170
undefended_asr_cnt: 36
defended_asr_cnt: 60
defended_asr_cnt: 60
######################## ASR ########################
undefended_asr_cnt: 36
defended_asr_cnt: 60
undefended_corr_cnt: 282
defended_corr_cnt: 180
######################## ASR ########################
undefended_asr_cnt: 40
defended_asr_cnt: 35
undefended_corr_cnt: 282
undefended_corr_cnt: 282
defended_corr_cnt: 180
######################## ASR ########################
undefended_asr_cnt: 40
defended_asr_cnt: 35
defended_corr_cnt: 180
######################## ASR ########################
undefended_asr_cnt: 40
defended_asr_cnt: 35
undefended_corr_cnt: 282
defended_corr_cnt: 180
######################## ASR ########################
undefended_asr_cnt: 40
defended_asr_cnt: 35
undefended_corr_cnt: 264
undefended_corr_cnt: 264
defended_corr_cnt: 180
undefended_corr_cnt: 264
######################## ASR ########################
undefended_asr_cnt: 40
defended_asr_cnt: 30
defended_corr_cnt: 180
undefended_corr_cnt: 264
######################## ASR ########################
defended_corr_cnt: 180
undefended_asr_cnt: 40
defended_asr_cnt: 30
######################## ASR ########################
undefended_asr_cnt: 40
defended_asr_cnt: 30
defended_corr_cnt: 180
######################## ASR ########################
undefended_asr_cnt: 40
defended_asr_cnt: 30
undefended_corr_cnt: 272
undefended_corr_cnt: 272
defended_corr_cnt: 175
defended_corr_cnt: 175
######################## ASR ########################
######################## ASR ########################
undefended_asr_cnt: 39
undefended_asr_cnt: 39
defended_asr_cnt: 30
defended_asr_cnt: 30
undefended_corr_cnt: 272
undefended_corr_cnt: 272
defended_corr_cnt: 175
######################## ASR ########################
undefended_asr_cnt: 39
defended_asr_cnt: 30
defended_corr_cnt: 175
######################## ASR ########################
undefended_asr_cnt: 39
defended_asr_cnt: 30
undefended_corr_cnt: 259
undefended_corr_cnt: 259
undefended_corr_cnt: 259
defended_corr_cnt: 180
######################## ASR ########################
undefended_asr_cnt: 45
undefended_corr_cnt: 259
defended_corr_cnt: 180
defended_asr_cnt: 25
defended_corr_cnt: 180
######################## ASR ########################
undefended_asr_cnt: 45
######################## ASR ########################
defended_asr_cnt: 25
undefended_asr_cnt: 45
defended_asr_cnt: 25
defended_corr_cnt: 180
######################## ASR ########################
undefended_asr_cnt: 45
defended_asr_cnt: 25
undefended_corr_cnt: 228
undefended_corr_cnt: 228
undefended_corr_cnt: 228
defended_corr_cnt: 180
undefended_corr_cnt: 228
######################## ASR ########################
defended_corr_cnt: 180
undefended_asr_cnt: 44
defended_asr_cnt: 15
defended_corr_cnt: 180
######################## ASR ########################
undefended_asr_cnt: 44
######################## ASR ########################
defended_asr_cnt: 15
undefended_asr_cnt: 44
defended_corr_cnt: 180
defended_asr_cnt: 15
######################## ASR ########################
undefended_asr_cnt: 44
defended_asr_cnt: 15
undefended_corr_cnt: 209
defended_corr_cnt: 180
######################## ASR ########################
undefended_asr_cnt: 54
defended_asr_cnt: 10
undefended_corr_cnt: 209
undefended_corr_cnt: 209
undefended_corr_cnt: 209
defended_corr_cnt: 180
######################## ASR ########################
undefended_asr_cnt: 54
defended_asr_cnt: 10
defended_corr_cnt: 180
defended_corr_cnt: 180
######################## ASR ########################
######################## ASR ########################
undefended_asr_cnt: 54
undefended_asr_cnt: 54
defended_asr_cnt: 10
defended_asr_cnt: 10
