Namespace(local_rank=1, model_name='llama3b', dataset_name='realtimeqa', rep=5, top_k=10, attack_method='PIA', defense_method='greedy', alpha=0.3, beta=3.0, eta=0.05, temperature=1.0, debug=False, save_response=False, use_cache=False, no_vanilla=False)
Loading data from data/realtimeqa.json......
Namespace(local_rank=2, model_name='llama3b', dataset_name='realtimeqa', rep=5, top_k=10, attack_method='PIA', defense_method='greedy', alpha=0.3, beta=3.0, eta=0.05, temperature=1.0, debug=False, save_response=False, use_cache=False, no_vanilla=False)
Loading data from data/realtimeqa.json......
Namespace(local_rank=3, model_name='llama3b', dataset_name='realtimeqa', rep=5, top_k=10, attack_method='PIA', defense_method='greedy', alpha=0.3, beta=3.0, eta=0.05, temperature=1.0, debug=False, save_response=False, use_cache=False, no_vanilla=False)
Loading data from data/realtimeqa.json......
Namespace(local_rank=0, model_name='llama3b', dataset_name='realtimeqa', rep=5, top_k=10, attack_method='PIA', defense_method='greedy', alpha=0.3, beta=3.0, eta=0.05, temperature=1.0, debug=False, save_response=False, use_cache=False, no_vanilla=False)
Loading data from data/realtimeqa.json......
Total samples: 100
Total samples: 100
Total samples: 100
Total samples: 100
undefended_corr_cnt: 199
undefended_corr_cnt: 199
undefended_corr_cnt: 199
undefended_corr_cnt: 199
defended_corr_cnt: 75
######################## ASR ########################
undefended_asr_cnt: 45
defended_corr_cnt: 75
defended_asr_cnt: 265
defended_corr_cnt: 75
defended_corr_cnt: 75
######################## ASR ########################
######################## ASR ########################
undefended_asr_cnt: 45
######################## ASR ########################
undefended_asr_cnt: 45
defended_asr_cnt: 265
undefended_asr_cnt: 45
defended_asr_cnt: 265
defended_asr_cnt: 265
undefended_corr_cnt: 266
defended_corr_cnt: 90
######################## ASR ########################
undefended_asr_cnt: 29
defended_asr_cnt: 230
undefended_corr_cnt: 266
defended_corr_cnt: 90
######################## ASR ########################
undefended_asr_cnt: 29
defended_asr_cnt: 230
undefended_corr_cnt: 266
undefended_corr_cnt: 266
defended_corr_cnt: 90
######################## ASR ########################
undefended_asr_cnt: 29
defended_asr_cnt: 230
defended_corr_cnt: 90
######################## ASR ########################
undefended_asr_cnt: 29
defended_asr_cnt: 230
undefended_corr_cnt: 217
defended_corr_cnt: 160
######################## ASR ########################
undefended_asr_cnt: 37
defended_asr_cnt: 155
undefended_corr_cnt: 217
undefended_corr_cnt: 217
undefended_corr_cnt: 217
defended_corr_cnt: 160
defended_corr_cnt: 160
defended_corr_cnt: 160
######################## ASR ########################
######################## ASR ########################
######################## ASR ########################
undefended_asr_cnt: 37
undefended_asr_cnt: 37
undefended_asr_cnt: 37
defended_asr_cnt: 155
defended_asr_cnt: 155
defended_asr_cnt: 155
undefended_corr_cnt: 212
defended_corr_cnt: 165
undefended_corr_cnt: 212
######################## ASR ########################
undefended_asr_cnt: 36
defended_asr_cnt: 110
defended_corr_cnt: 165
######################## ASR ########################
undefended_asr_cnt: 36
undefended_corr_cnt: 212
defended_asr_cnt: 110
undefended_corr_cnt: 212
defended_corr_cnt: 165
######################## ASR ########################
undefended_asr_cnt: 36
defended_corr_cnt: 165
defended_asr_cnt: 110
######################## ASR ########################
undefended_asr_cnt: 36
defended_asr_cnt: 110
undefended_corr_cnt: 204
defended_corr_cnt: 175
######################## ASR ########################
undefended_asr_cnt: 33
undefended_corr_cnt: 204
defended_asr_cnt: 60
undefended_corr_cnt: 204
undefended_corr_cnt: 204
defended_corr_cnt: 175
######################## ASR ########################
defended_corr_cnt: 175
undefended_asr_cnt: 33
defended_corr_cnt: 175
defended_asr_cnt: 60
######################## ASR ########################
######################## ASR ########################
undefended_asr_cnt: 33
undefended_asr_cnt: 33
defended_asr_cnt: 60
defended_asr_cnt: 60
undefended_corr_cnt: 182
undefended_corr_cnt: 182
undefended_corr_cnt: 182
undefended_corr_cnt: 182
defended_corr_cnt: 180
defended_corr_cnt: 180
defended_corr_cnt: 180
######################## ASR ########################
######################## ASR ########################
######################## ASR ########################
undefended_asr_cnt: 41
undefended_asr_cnt: 41
undefended_asr_cnt: 41
defended_corr_cnt: 180
defended_asr_cnt: 40
defended_asr_cnt: 40
defended_asr_cnt: 40
######################## ASR ########################
undefended_asr_cnt: 41
defended_asr_cnt: 40
undefended_corr_cnt: 198
defended_corr_cnt: 175
######################## ASR ########################
undefended_asr_cnt: 39
defended_asr_cnt: 30
undefended_corr_cnt: 198
undefended_corr_cnt: 198
undefended_corr_cnt: 198
defended_corr_cnt: 175
defended_corr_cnt: 175
defended_corr_cnt: 175
######################## ASR ########################
######################## ASR ########################
######################## ASR ########################
undefended_asr_cnt: 39
undefended_asr_cnt: 39
undefended_asr_cnt: 39
defended_asr_cnt: 30
defended_asr_cnt: 30
defended_asr_cnt: 30
undefended_corr_cnt: 187
undefended_corr_cnt: 187
defended_corr_cnt: 180
######################## ASR ########################
undefended_corr_cnt: 187
undefended_asr_cnt: 35
defended_asr_cnt: 20
defended_corr_cnt: 180
defended_corr_cnt: 180
undefended_corr_cnt: 187
######################## ASR ########################
######################## ASR ########################
undefended_asr_cnt: 35
undefended_asr_cnt: 35
defended_asr_cnt: 20
defended_asr_cnt: 20
defended_corr_cnt: 180
######################## ASR ########################
undefended_asr_cnt: 35
defended_asr_cnt: 20
undefended_corr_cnt: 153
undefended_corr_cnt: 153
undefended_corr_cnt: 153
defended_corr_cnt: 180
defended_corr_cnt: 180
######################## ASR ########################
######################## ASR ########################
undefended_asr_cnt: 39
defended_corr_cnt: 180
undefended_asr_cnt: 39
defended_asr_cnt: 15
defended_asr_cnt: 15
######################## ASR ########################
undefended_asr_cnt: 39
defended_asr_cnt: 15
undefended_corr_cnt: 153
defended_corr_cnt: 180
######################## ASR ########################
undefended_asr_cnt: 39
defended_asr_cnt: 15
undefended_corr_cnt: 66
undefended_corr_cnt: 66
defended_corr_cnt: 180
undefended_corr_cnt: 66
######################## ASR ########################
undefended_asr_cnt: 44
defended_asr_cnt: 15
defended_corr_cnt: 180
######################## ASR ########################
undefended_corr_cnt: 66
undefended_asr_cnt: 44
defended_corr_cnt: 180
defended_asr_cnt: 15
######################## ASR ########################
defended_corr_cnt: 180
undefended_asr_cnt: 44
######################## ASR ########################
defended_asr_cnt: 15
undefended_asr_cnt: 44
defended_asr_cnt: 15
