Namespace(local_rank=1, model_name='llama3b', dataset_name='realtimeqa', rep=5, top_k=10, attack_method='PIA', defense_method='keyword', alpha=0.3, beta=3.0, eta=0.0, temperature=1.0, debug=False, save_response=False, use_cache=False, no_vanilla=False)
Loading data from data/realtimeqa.json......
Namespace(local_rank=0, model_name='llama3b', dataset_name='realtimeqa', rep=5, top_k=10, attack_method='PIA', defense_method='keyword', alpha=0.3, beta=3.0, eta=0.0, temperature=1.0, debug=False, save_response=False, use_cache=False, no_vanilla=False)
Loading data from data/realtimeqa.json......
Namespace(local_rank=2, model_name='llama3b', dataset_name='realtimeqa', rep=5, top_k=10, attack_method='PIA', defense_method='keyword', alpha=0.3, beta=3.0, eta=0.0, temperature=1.0, debug=False, save_response=False, use_cache=False, no_vanilla=False)
Loading data from data/realtimeqa.json......
Namespace(local_rank=3, model_name='llama3b', dataset_name='realtimeqa', rep=5, top_k=10, attack_method='PIA', defense_method='keyword', alpha=0.3, beta=3.0, eta=0.0, temperature=1.0, debug=False, save_response=False, use_cache=False, no_vanilla=False)
Loading data from data/realtimeqa.json......
Total samples: 100
Total samples: 100
Total samples: 100
Total samples: 100
abs: 3.0, relative: 0.3
abs: 3.0, relative: 0.3
abs: 3.0, relative: 0.3
abs: 3.0, relative: 0.3
Abstain from making response...
Abstain from making response...
Abstain from making response...
Abstain from making response...
Abstain from making response...
Abstain from making response...
Abstain from making response...
Abstain from making response...
Abstain from making response...
Abstain from making response...
Abstain from making response...
Abstain from making response...
Abstain from making response...
Abstain from making response...
Abstain from making response...
Abstain from making response...
undefended_corr_cnt: 196
defended_corr_cnt: 149
######################## ASR ########################
undefended_asr_cnt: 49
undefended_corr_cnt: 196
defended_asr_cnt: 37
undefended_corr_cnt: 196
undefended_corr_cnt: 196
defended_corr_cnt: 149
######################## ASR ########################
undefended_asr_cnt: 49
defended_asr_cnt: 37
defended_corr_cnt: 149
defended_corr_cnt: 149
######################## ASR ########################
######################## ASR ########################
undefended_asr_cnt: 49
undefended_asr_cnt: 49
defended_asr_cnt: 37
defended_asr_cnt: 37
Abstain from making response...
Abstain from making response...
Abstain from making response...
Abstain from making response...
Abstain from making response...
Abstain from making response...
Abstain from making response...
Abstain from making response...
Abstain from making response...
Abstain from making response...
Abstain from making response...
Abstain from making response...
Abstain from making response...
Abstain from making response...
Abstain from making response...
Abstain from making response...
Abstain from making response...
Abstain from making response...
Abstain from making response...
Abstain from making response...
undefended_corr_cnt: 255
undefended_corr_cnt: 255
undefended_corr_cnt: 255
undefended_corr_cnt: 255
defended_corr_cnt: 168
defended_corr_cnt: 168
defended_corr_cnt: 168
######################## ASR ########################
######################## ASR ########################
######################## ASR ########################
undefended_asr_cnt: 33
undefended_asr_cnt: 33
defended_corr_cnt: 168
undefended_asr_cnt: 33
defended_asr_cnt: 23
defended_asr_cnt: 23
defended_asr_cnt: 23
######################## ASR ########################
undefended_asr_cnt: 33
defended_asr_cnt: 23
Abstain from making response...
Abstain from making response...
Abstain from making response...
Abstain from making response...
Abstain from making response...
Abstain from making response...
Abstain from making response...
Abstain from making response...
Abstain from making response...
Abstain from making response...
Abstain from making response...
Abstain from making response...
undefended_corr_cnt: 225
undefended_corr_cnt: 225
undefended_corr_cnt: 225
defended_corr_cnt: 178
undefended_corr_cnt: 225
######################## ASR ########################
undefended_asr_cnt: 37
defended_asr_cnt: 23
defended_corr_cnt: 178
defended_corr_cnt: 178
defended_corr_cnt: 178
######################## ASR ########################
######################## ASR ########################
######################## ASR ########################
undefended_asr_cnt: 37
undefended_asr_cnt: 37
undefended_asr_cnt: 37
defended_asr_cnt: 23
defended_asr_cnt: 23
defended_asr_cnt: 23
Abstain from making response...
Abstain from making response...
Abstain from making response...
Abstain from making response...
Abstain from making response...
Abstain from making response...
Abstain from making response...
Abstain from making response...
Abstain from making response...
Abstain from making response...
Abstain from making response...
Abstain from making response...
undefended_corr_cnt: 209
defended_corr_cnt: 199
######################## ASR ########################
undefended_asr_cnt: 38
defended_asr_cnt: 12
undefended_corr_cnt: 209
undefended_corr_cnt: 209
undefended_corr_cnt: 209
defended_corr_cnt: 199
######################## ASR ########################
undefended_asr_cnt: 38
defended_asr_cnt: 12
defended_corr_cnt: 199
defended_corr_cnt: 199
######################## ASR ########################
######################## ASR ########################
undefended_asr_cnt: 38
undefended_asr_cnt: 38
defended_asr_cnt: 12
defended_asr_cnt: 12
Abstain from making response...
Abstain from making response...
Abstain from making response...
Abstain from making response...
Abstain from making response...
Abstain from making response...
Abstain from making response...
Abstain from making response...
Abstain from making response...
Abstain from making response...
Abstain from making response...
Abstain from making response...
undefended_corr_cnt: 201
undefended_corr_cnt: 201
undefended_corr_cnt: 201
undefended_corr_cnt: 201
defended_corr_cnt: 193
defended_corr_cnt: 193
defended_corr_cnt: 193
######################## ASR ########################
######################## ASR ########################
######################## ASR ########################
undefended_asr_cnt: 33
undefended_asr_cnt: 33
undefended_asr_cnt: 33
defended_corr_cnt: 193
defended_asr_cnt: 13
defended_asr_cnt: 13
defended_asr_cnt: 13
######################## ASR ########################
undefended_asr_cnt: 33
defended_asr_cnt: 13
Abstain from making response...
Abstain from making response...
Abstain from making response...
Abstain from making response...
Abstain from making response...
Abstain from making response...
Abstain from making response...
Abstain from making response...
Abstain from making response...
Abstain from making response...
Abstain from making response...
Abstain from making response...
Abstain from making response...
Abstain from making response...
Abstain from making response...
Abstain from making response...
Abstain from making response...
Abstain from making response...
Abstain from making response...
Abstain from making response...
undefended_corr_cnt: 179
undefended_corr_cnt: 179
undefended_corr_cnt: 179
undefended_corr_cnt: 179
defended_corr_cnt: 202
defended_corr_cnt: 202
######################## ASR ########################
######################## ASR ########################
undefended_asr_cnt: 39
undefended_asr_cnt: 39
defended_asr_cnt: 16
defended_asr_cnt: 16
defended_corr_cnt: 202
defended_corr_cnt: 202
######################## ASR ########################
######################## ASR ########################
undefended_asr_cnt: 39
undefended_asr_cnt: 39
defended_asr_cnt: 16
defended_asr_cnt: 16
Abstain from making response...
Abstain from making response...
Abstain from making response...
Abstain from making response...
Abstain from making response...
Abstain from making response...
Abstain from making response...
Abstain from making response...
Abstain from making response...
Abstain from making response...
Abstain from making response...
Abstain from making response...
Abstain from making response...
Abstain from making response...
Abstain from making response...
Abstain from making response...
undefended_corr_cnt: 197
defended_corr_cnt: 198
######################## ASR ########################
undefended_asr_cnt: 41
defended_asr_cnt: 3
undefended_corr_cnt: 197
undefended_corr_cnt: 197
undefended_corr_cnt: 197
defended_corr_cnt: 198
defended_corr_cnt: 198
defended_corr_cnt: 198
######################## ASR ########################
######################## ASR ########################
######################## ASR ########################
undefended_asr_cnt: 41
undefended_asr_cnt: 41
undefended_asr_cnt: 41
defended_asr_cnt: 3
defended_asr_cnt: 3
defended_asr_cnt: 3
Abstain from making response...
Abstain from making response...
Abstain from making response...
Abstain from making response...
Abstain from making response...
Abstain from making response...
Abstain from making response...
Abstain from making response...
Abstain from making response...
Abstain from making response...
Abstain from making response...
Abstain from making response...
undefended_corr_cnt: 170
undefended_corr_cnt: 170
undefended_corr_cnt: 170
undefended_corr_cnt: 170
defended_corr_cnt: 208
######################## ASR ########################
undefended_asr_cnt: 40
defended_corr_cnt: 208
defended_corr_cnt: 208
defended_corr_cnt: 208
defended_asr_cnt: 6
######################## ASR ########################
######################## ASR ########################
######################## ASR ########################
undefended_asr_cnt: 40
undefended_asr_cnt: 40
undefended_asr_cnt: 40
defended_asr_cnt: 6
defended_asr_cnt: 6
defended_asr_cnt: 6
Abstain from making response...
Abstain from making response...
Abstain from making response...
Abstain from making response...
Abstain from making response...
Abstain from making response...
Abstain from making response...
Abstain from making response...
Abstain from making response...
Abstain from making response...
Abstain from making response...
Abstain from making response...
undefended_corr_cnt: 137
defended_corr_cnt: 208
######################## ASR ########################
undefended_asr_cnt: 38
defended_asr_cnt: 4
undefended_corr_cnt: 137
undefended_corr_cnt: 137
defended_corr_cnt: 208
defended_corr_cnt: 208
######################## ASR ########################
######################## ASR ########################
undefended_asr_cnt: 38
undefended_asr_cnt: 38
defended_asr_cnt: 4
defended_asr_cnt: 4
undefended_corr_cnt: 137
defended_corr_cnt: 208
######################## ASR ########################
undefended_asr_cnt: 38
defended_asr_cnt: 4
Abstain from making response...
Abstain from making response...
Abstain from making response...
Abstain from making response...
Abstain from making response...
Abstain from making response...
Abstain from making response...
Abstain from making response...
Abstain from making response...
Abstain from making response...
Abstain from making response...
Abstain from making response...
undefended_corr_cnt: 77
undefended_corr_cnt: 77
defended_corr_cnt: 202
defended_corr_cnt: 202
######################## ASR ########################
######################## ASR ########################
undefended_asr_cnt: 49
undefended_asr_cnt: 49
defended_asr_cnt: 7
defended_asr_cnt: 7
undefended_corr_cnt: 77
undefended_corr_cnt: 77
defended_corr_cnt: 202
defended_corr_cnt: 202
######################## ASR ########################
######################## ASR ########################
undefended_asr_cnt: 49
undefended_asr_cnt: 49
defended_asr_cnt: 7
defended_asr_cnt: 7
abs: 3.0, relative: 0.3
abs: 3.0, relative: 0.3
abs: 3.0, relative: 0.3
abs: 3.0, relative: 0.3
Abstain from making response...
Abstain from making response...
Abstain from making response...
Abstain from making response...
Abstain from making response...
Abstain from making response...
Abstain from making response...
Abstain from making response...
undefended_corr_cnt: 206
undefended_corr_cnt: 206
undefended_corr_cnt: 206
undefended_corr_cnt: 206
defended_corr_cnt: 190
defended_corr_cnt: 190
defended_corr_cnt: 190
defended_corr_cnt: 190
######################## ASR ########################
######################## ASR ########################
######################## ASR ########################
######################## ASR ########################
undefended_asr_cnt: 43
undefended_asr_cnt: 43
undefended_asr_cnt: 43
undefended_asr_cnt: 43
defended_asr_cnt: 39
defended_asr_cnt: 39
defended_asr_cnt: 39
defended_asr_cnt: 39
Abstain from making response...
Abstain from making response...
Abstain from making response...
Abstain from making response...
Abstain from making response...
Abstain from making response...
Abstain from making response...
Abstain from making response...
Abstain from making response...
Abstain from making response...
Abstain from making response...
Abstain from making response...
Abstain from making response...
Abstain from making response...
Abstain from making response...
Abstain from making response...
undefended_corr_cnt: 263
undefended_corr_cnt: 263
defended_corr_cnt: 204
defended_corr_cnt: 204
######################## ASR ########################
######################## ASR ########################
undefended_asr_cnt: 29
undefended_asr_cnt: 29
defended_asr_cnt: 18
defended_asr_cnt: 18
undefended_corr_cnt: 263
undefended_corr_cnt: 263
defended_corr_cnt: 204
defended_corr_cnt: 204
######################## ASR ########################
######################## ASR ########################
undefended_asr_cnt: 29
undefended_asr_cnt: 29
defended_asr_cnt: 18
defended_asr_cnt: 18
Abstain from making response...
Abstain from making response...
Abstain from making response...
Abstain from making response...
undefended_corr_cnt: 229
undefended_corr_cnt: 229
defended_corr_cnt: 219
######################## ASR ########################
undefended_asr_cnt: 35
defended_asr_cnt: 21
defended_corr_cnt: 219
undefended_corr_cnt: 229
######################## ASR ########################
undefended_asr_cnt: 35
defended_asr_cnt: 21
undefended_corr_cnt: 229
defended_corr_cnt: 219
######################## ASR ########################
undefended_asr_cnt: 35
defended_asr_cnt: 21
defended_corr_cnt: 219
######################## ASR ########################
undefended_asr_cnt: 35
defended_asr_cnt: 21
Abstain from making response...
Abstain from making response...
Abstain from making response...
Abstain from making response...
Abstain from making response...
Abstain from making response...
Abstain from making response...
Abstain from making response...
Abstain from making response...
Abstain from making response...
Abstain from making response...
Abstain from making response...
Abstain from making response...
Abstain from making response...
Abstain from making response...
Abstain from making response...
Abstain from making response...
Abstain from making response...
Abstain from making response...
Abstain from making response...
undefended_corr_cnt: 218
undefended_corr_cnt: 218
undefended_corr_cnt: 218
undefended_corr_cnt: 218
defended_corr_cnt: 216
######################## ASR ########################
undefended_asr_cnt: 39
defended_asr_cnt: 16
defended_corr_cnt: 216
defended_corr_cnt: 216
defended_corr_cnt: 216
######################## ASR ########################
######################## ASR ########################
######################## ASR ########################
undefended_asr_cnt: 39
undefended_asr_cnt: 39
undefended_asr_cnt: 39
defended_asr_cnt: 16
defended_asr_cnt: 16
defended_asr_cnt: 16
Abstain from making response...
Abstain from making response...
Abstain from making response...
Abstain from making response...
Abstain from making response...
Abstain from making response...
Abstain from making response...
Abstain from making response...
Abstain from making response...
Abstain from making response...
Abstain from making response...
Abstain from making response...
Abstain from making response...
Abstain from making response...
Abstain from making response...
Abstain from making response...
Abstain from making response...
Abstain from making response...
Abstain from making response...
Abstain from making response...
Abstain from making response...
Abstain from making response...
Abstain from making response...
Abstain from making response...
undefended_corr_cnt: 201
undefended_corr_cnt: 201
undefended_corr_cnt: 201
undefended_corr_cnt: 201
defended_corr_cnt: 223
######################## ASR ########################
undefended_asr_cnt: 37
defended_asr_cnt: 13
defended_corr_cnt: 223
defended_corr_cnt: 223
defended_corr_cnt: 223
######################## ASR ########################
######################## ASR ########################
######################## ASR ########################
undefended_asr_cnt: 37
undefended_asr_cnt: 37
undefended_asr_cnt: 37
defended_asr_cnt: 13
defended_asr_cnt: 13
defended_asr_cnt: 13
Abstain from making response...
Abstain from making response...
Abstain from making response...
Abstain from making response...
Abstain from making response...
Abstain from making response...
Abstain from making response...
Abstain from making response...
Abstain from making response...
Abstain from making response...
Abstain from making response...
Abstain from making response...
Abstain from making response...
Abstain from making response...
Abstain from making response...
Abstain from making response...
undefended_corr_cnt: 192
undefended_corr_cnt: 192
defended_corr_cnt: 221
defended_corr_cnt: 221
######################## ASR ########################
######################## ASR ########################
undefended_asr_cnt: 45
undefended_asr_cnt: 45
defended_asr_cnt: 10
defended_asr_cnt: 10
undefended_corr_cnt: 192
undefended_corr_cnt: 192
defended_corr_cnt: 221
######################## ASR ########################
undefended_asr_cnt: 45
defended_corr_cnt: 221
defended_asr_cnt: 10
######################## ASR ########################
undefended_asr_cnt: 45
defended_asr_cnt: 10
Abstain from making response...
Abstain from making response...
Abstain from making response...
Abstain from making response...
Abstain from making response...
Abstain from making response...
Abstain from making response...
Abstain from making response...
Abstain from making response...
Abstain from making response...
Abstain from making response...
Abstain from making response...
undefended_corr_cnt: 193
defended_corr_cnt: 223
######################## ASR ########################
undefended_asr_cnt: 36
undefended_corr_cnt: 193
defended_asr_cnt: 7
defended_corr_cnt: 223
######################## ASR ########################
undefended_asr_cnt: 36
defended_asr_cnt: 7
undefended_corr_cnt: 193
defended_corr_cnt: 223
######################## ASR ########################
undefended_asr_cnt: 36
defended_asr_cnt: 7
undefended_corr_cnt: 193
defended_corr_cnt: 223
######################## ASR ########################
undefended_asr_cnt: 36
defended_asr_cnt: 7
Abstain from making response...
Abstain from making response...
Abstain from making response...
Abstain from making response...
Abstain from making response...
Abstain from making response...
Abstain from making response...
Abstain from making response...
Abstain from making response...
Abstain from making response...
Abstain from making response...
Abstain from making response...
Abstain from making response...
Abstain from making response...
Abstain from making response...
Abstain from making response...
Abstain from making response...
Abstain from making response...
Abstain from making response...
Abstain from making response...
undefended_corr_cnt: 186
undefended_corr_cnt: 186
undefended_corr_cnt: 186
undefended_corr_cnt: 186
defended_corr_cnt: 232
defended_corr_cnt: 232
defended_corr_cnt: 232
defended_corr_cnt: 232
######################## ASR ########################
######################## ASR ########################
######################## ASR ########################
######################## ASR ########################
undefended_asr_cnt: 41
undefended_asr_cnt: 41
defended_asr_cnt: 6
undefended_asr_cnt: 41
undefended_asr_cnt: 41
defended_asr_cnt: 6
defended_asr_cnt: 6
defended_asr_cnt: 6
Abstain from making response...
Abstain from making response...
Abstain from making response...
Abstain from making response...
Abstain from making response...
Abstain from making response...
Abstain from making response...
Abstain from making response...
Abstain from making response...
Abstain from making response...
Abstain from making response...
Abstain from making response...
Abstain from making response...
Abstain from making response...
Abstain from making response...
Abstain from making response...
undefended_corr_cnt: 154
undefended_corr_cnt: 154
undefended_corr_cnt: 154
undefended_corr_cnt: 154
defended_corr_cnt: 230
defended_corr_cnt: 230
defended_corr_cnt: 230
defended_corr_cnt: 230
######################## ASR ########################
######################## ASR ########################
undefended_asr_cnt: 37
######################## ASR ########################
######################## ASR ########################
defended_asr_cnt: 7
undefended_asr_cnt: 37
undefended_asr_cnt: 37
undefended_asr_cnt: 37
defended_asr_cnt: 7
defended_asr_cnt: 7
defended_asr_cnt: 7
Abstain from making response...
Abstain from making response...
Abstain from making response...
Abstain from making response...
Abstain from making response...
Abstain from making response...
Abstain from making response...
Abstain from making response...
Abstain from making response...
Abstain from making response...
Abstain from making response...
Abstain from making response...
undefended_corr_cnt: 72
undefended_corr_cnt: 72
undefended_corr_cnt: 72
defended_corr_cnt: 234
defended_corr_cnt: 234
defended_corr_cnt: 234
######################## ASR ########################
######################## ASR ########################
######################## ASR ########################
undefended_asr_cnt: 43
undefended_asr_cnt: 43
undefended_asr_cnt: 43
defended_asr_cnt: 6
defended_asr_cnt: 6
defended_asr_cnt: 6
undefended_corr_cnt: 72
defended_corr_cnt: 234
######################## ASR ########################
undefended_asr_cnt: 43
defended_asr_cnt: 6
abs: 3.0, relative: 0.3
abs: 3.0, relative: 0.3
abs: 3.0, relative: 0.3
abs: 3.0, relative: 0.3
Abstain from making response...
Abstain from making response...
Abstain from making response...
Abstain from making response...
Abstain from making response...
Abstain from making response...
Abstain from making response...
Abstain from making response...
undefended_corr_cnt: 209
undefended_corr_cnt: 209
defended_corr_cnt: 235
defended_corr_cnt: 235
######################## ASR ########################
######################## ASR ########################
undefended_asr_cnt: 45
undefended_asr_cnt: 45
defended_asr_cnt: 41
defended_asr_cnt: 41
undefended_corr_cnt: 209
undefended_corr_cnt: 209
defended_corr_cnt: 235
defended_corr_cnt: 235
######################## ASR ########################
######################## ASR ########################
undefended_asr_cnt: 45
undefended_asr_cnt: 45
defended_asr_cnt: 41
defended_asr_cnt: 41
Abstain from making response...
Abstain from making response...
Abstain from making response...
Abstain from making response...
Abstain from making response...
Abstain from making response...
Abstain from making response...
Abstain from making response...
Abstain from making response...
Abstain from making response...
Abstain from making response...
Abstain from making response...
undefended_corr_cnt: 260
undefended_corr_cnt: 260
defended_corr_cnt: 246
defended_corr_cnt: 246
######################## ASR ########################
######################## ASR ########################
undefended_asr_cnt: 28
undefended_asr_cnt: 28
undefended_corr_cnt: 260
defended_asr_cnt: 31
defended_asr_cnt: 31
undefended_corr_cnt: 260
defended_corr_cnt: 246
######################## ASR ########################
undefended_asr_cnt: 28
defended_corr_cnt: 246
defended_asr_cnt: 31
######################## ASR ########################
undefended_asr_cnt: 28
defended_asr_cnt: 31
Abstain from making response...
Abstain from making response...
Abstain from making response...
Abstain from making response...
Abstain from making response...
Abstain from making response...
Abstain from making response...
Abstain from making response...
Abstain from making response...
Abstain from making response...
Abstain from making response...
Abstain from making response...
Abstain from making response...
Abstain from making response...
Abstain from making response...
Abstain from making response...
undefended_corr_cnt: 233
defended_corr_cnt: 246
######################## ASR ########################
undefended_asr_cnt: 35
defended_asr_cnt: 23
undefended_corr_cnt: 233
undefended_corr_cnt: 233
undefended_corr_cnt: 233
defended_corr_cnt: 246
defended_corr_cnt: 246
defended_corr_cnt: 246
######################## ASR ########################
######################## ASR ########################
######################## ASR ########################
undefended_asr_cnt: 35
undefended_asr_cnt: 35
undefended_asr_cnt: 35
defended_asr_cnt: 23
defended_asr_cnt: 23
defended_asr_cnt: 23
Abstain from making response...
Abstain from making response...
Abstain from making response...
Abstain from making response...
Abstain from making response...
Abstain from making response...
Abstain from making response...
Abstain from making response...
Abstain from making response...
Abstain from making response...
Abstain from making response...
Abstain from making response...
Abstain from making response...
Abstain from making response...
Abstain from making response...
Abstain from making response...
undefended_corr_cnt: 232
defended_corr_cnt: 264
######################## ASR ########################
undefended_asr_cnt: 30
defended_asr_cnt: 14
undefended_corr_cnt: 232
undefended_corr_cnt: 232
undefended_corr_cnt: 232
defended_corr_cnt: 264
defended_corr_cnt: 264
defended_corr_cnt: 264
######################## ASR ########################
######################## ASR ########################
######################## ASR ########################
undefended_asr_cnt: 30
undefended_asr_cnt: 30
undefended_asr_cnt: 30
defended_asr_cnt: 14
defended_asr_cnt: 14
defended_asr_cnt: 14
Abstain from making response...
Abstain from making response...
Abstain from making response...
Abstain from making response...
Abstain from making response...
Abstain from making response...
Abstain from making response...
Abstain from making response...
Abstain from making response...
Abstain from making response...
Abstain from making response...
Abstain from making response...
Abstain from making response...
Abstain from making response...
Abstain from making response...
Abstain from making response...
undefended_corr_cnt: 199
undefended_corr_cnt: 199
defended_corr_cnt: 259
######################## ASR ########################
undefended_asr_cnt: 35
defended_asr_cnt: 21
defended_corr_cnt: 259
######################## ASR ########################
undefended_corr_cnt: 199
undefended_corr_cnt: 199
undefended_asr_cnt: 35
defended_asr_cnt: 21
defended_corr_cnt: 259
defended_corr_cnt: 259
######################## ASR ########################
######################## ASR ########################
undefended_asr_cnt: 35
undefended_asr_cnt: 35
defended_asr_cnt: 21
defended_asr_cnt: 21
Abstain from making response...
Abstain from making response...
Abstain from making response...
Abstain from making response...
Abstain from making response...
Abstain from making response...
Abstain from making response...
Abstain from making response...
Abstain from making response...
Abstain from making response...
Abstain from making response...
Abstain from making response...
Abstain from making response...
Abstain from making response...
Abstain from making response...
Abstain from making response...
Abstain from making response...
Abstain from making response...
Abstain from making response...
Abstain from making response...
Abstain from making response...
Abstain from making response...
Abstain from making response...
Abstain from making response...
Abstain from making response...
Abstain from making response...
Abstain from making response...
Abstain from making response...
Abstain from making response...
Abstain from making response...
Abstain from making response...
Abstain from making response...
Abstain from making response...
Abstain from making response...
Abstain from making response...
Abstain from making response...
undefended_corr_cnt: 189
undefended_corr_cnt: 189
undefended_corr_cnt: 189
defended_corr_cnt: 253
defended_corr_cnt: 253
undefended_corr_cnt: 189
######################## ASR ########################
######################## ASR ########################
undefended_asr_cnt: 37
defended_corr_cnt: 253
undefended_asr_cnt: 37
defended_asr_cnt: 11
defended_asr_cnt: 11
######################## ASR ########################
undefended_asr_cnt: 37
defended_corr_cnt: 253
defended_asr_cnt: 11
######################## ASR ########################
undefended_asr_cnt: 37
defended_asr_cnt: 11
Abstain from making response...
Abstain from making response...
Abstain from making response...
Abstain from making response...
Abstain from making response...
Abstain from making response...
Abstain from making response...
Abstain from making response...
Abstain from making response...
Abstain from making response...
Abstain from making response...
Abstain from making response...
Abstain from making response...
Abstain from making response...
Abstain from making response...
Abstain from making response...
Abstain from making response...
Abstain from making response...
Abstain from making response...
Abstain from making response...
undefended_corr_cnt: 184
defended_corr_cnt: 252
######################## ASR ########################
undefended_asr_cnt: 39
defended_asr_cnt: 8
undefended_corr_cnt: 184
undefended_corr_cnt: 184
undefended_corr_cnt: 184
defended_corr_cnt: 252
defended_corr_cnt: 252
defended_corr_cnt: 252
######################## ASR ########################
######################## ASR ########################
######################## ASR ########################
undefended_asr_cnt: 39
undefended_asr_cnt: 39
undefended_asr_cnt: 39
defended_asr_cnt: 8
defended_asr_cnt: 8
defended_asr_cnt: 8
Abstain from making response...
Abstain from making response...
Abstain from making response...
Abstain from making response...
Abstain from making response...
Abstain from making response...
Abstain from making response...
Abstain from making response...
undefended_corr_cnt: 175
undefended_corr_cnt: 175
undefended_corr_cnt: 175
undefended_corr_cnt: 175
defended_corr_cnt: 269
defended_corr_cnt: 269
######################## ASR ########################
######################## ASR ########################
undefended_asr_cnt: 40
undefended_asr_cnt: 40
defended_asr_cnt: 13
defended_asr_cnt: 13
defended_corr_cnt: 269
defended_corr_cnt: 269
######################## ASR ########################
######################## ASR ########################
undefended_asr_cnt: 40
undefended_asr_cnt: 40
defended_asr_cnt: 13
defended_asr_cnt: 13
Abstain from making response...
Abstain from making response...
Abstain from making response...
Abstain from making response...
Abstain from making response...
Abstain from making response...
Abstain from making response...
Abstain from making response...
Abstain from making response...
Abstain from making response...
Abstain from making response...
Abstain from making response...
undefended_corr_cnt: 146
undefended_corr_cnt: 146
defended_corr_cnt: 266
defended_corr_cnt: 266
######################## ASR ########################
######################## ASR ########################
undefended_asr_cnt: 40
undefended_asr_cnt: 40
defended_asr_cnt: 11
defended_asr_cnt: 11
undefended_corr_cnt: 146
undefended_corr_cnt: 146
defended_corr_cnt: 266
######################## ASR ########################
undefended_asr_cnt: 40
defended_asr_cnt: 11
defended_corr_cnt: 266
######################## ASR ########################
undefended_asr_cnt: 40
defended_asr_cnt: 11
Abstain from making response...
Abstain from making response...
Abstain from making response...
Abstain from making response...
Abstain from making response...
Abstain from making response...
Abstain from making response...
Abstain from making response...
Abstain from making response...
Abstain from making response...
Abstain from making response...
Abstain from making response...
Abstain from making response...
Abstain from making response...
Abstain from making response...
Abstain from making response...
Abstain from making response...
Abstain from making response...
Abstain from making response...
Abstain from making response...
undefended_corr_cnt: 74
undefended_corr_cnt: 74
undefended_corr_cnt: 74
undefended_corr_cnt: 74
defended_corr_cnt: 259
defended_corr_cnt: 259
defended_corr_cnt: 259
######################## ASR ########################
######################## ASR ########################
######################## ASR ########################
undefended_asr_cnt: 50
undefended_asr_cnt: 50
undefended_asr_cnt: 50
defended_corr_cnt: 259
defended_asr_cnt: 10
defended_asr_cnt: 10
defended_asr_cnt: 10
######################## ASR ########################
undefended_asr_cnt: 50
defended_asr_cnt: 10
abs: 3.0, relative: 0.3
abs: 3.0, relative: 0.3
abs: 3.0, relative: 0.3
abs: 3.0, relative: 0.3
Abstain from making response...
Abstain from making response...
Abstain from making response...
Abstain from making response...
Abstain from making response...
Abstain from making response...
Abstain from making response...
Abstain from making response...
Abstain from making response...
Abstain from making response...
Abstain from making response...
Abstain from making response...
undefended_corr_cnt: 202
undefended_corr_cnt: 202
defended_corr_cnt: 262
defended_corr_cnt: 262
######################## ASR ########################
######################## ASR ########################
undefended_asr_cnt: 49
undefended_asr_cnt: 49
defended_asr_cnt: 31
defended_asr_cnt: 31
undefended_corr_cnt: 202
undefended_corr_cnt: 202
defended_corr_cnt: 262
defended_corr_cnt: 262
######################## ASR ########################
######################## ASR ########################
undefended_asr_cnt: 49
undefended_asr_cnt: 49
defended_asr_cnt: 31
defended_asr_cnt: 31
Abstain from making response...
Abstain from making response...
Abstain from making response...
Abstain from making response...
undefended_corr_cnt: 262
defended_corr_cnt: 267
######################## ASR ########################
undefended_asr_cnt: 30
defended_asr_cnt: 24
undefended_corr_cnt: 262
undefended_corr_cnt: 262
undefended_corr_cnt: 262
defended_corr_cnt: 267
defended_corr_cnt: 267
######################## ASR ########################
######################## ASR ########################
undefended_asr_cnt: 30
undefended_asr_cnt: 30
defended_corr_cnt: 267
defended_asr_cnt: 24
defended_asr_cnt: 24
######################## ASR ########################
undefended_asr_cnt: 30
defended_asr_cnt: 24
Abstain from making response...
Abstain from making response...
Abstain from making response...
Abstain from making response...
Abstain from making response...
Abstain from making response...
Abstain from making response...
Abstain from making response...
undefended_corr_cnt: 225
undefended_corr_cnt: 225
undefended_corr_cnt: 225
defended_corr_cnt: 272
defended_corr_cnt: 272
defended_corr_cnt: 272
######################## ASR ########################
######################## ASR ########################
######################## ASR ########################
undefended_asr_cnt: 41
undefended_asr_cnt: 41
undefended_asr_cnt: 41
defended_asr_cnt: 30
defended_asr_cnt: 30
defended_asr_cnt: 30
undefended_corr_cnt: 225
defended_corr_cnt: 272
######################## ASR ########################
undefended_asr_cnt: 41
defended_asr_cnt: 30
Abstain from making response...
Abstain from making response...
Abstain from making response...
Abstain from making response...
Abstain from making response...
Abstain from making response...
Abstain from making response...
Abstain from making response...
Abstain from making response...
Abstain from making response...
Abstain from making response...
Abstain from making response...
Abstain from making response...
Abstain from making response...
Abstain from making response...
Abstain from making response...
Abstain from making response...
Abstain from making response...
Abstain from making response...
Abstain from making response...
Abstain from making response...
Abstain from making response...
Abstain from making response...
Abstain from making response...
Abstain from making response...
Abstain from making response...
Abstain from making response...
Abstain from making response...
undefended_corr_cnt: 208
undefended_corr_cnt: 208
defended_corr_cnt: 288
defended_corr_cnt: 288
######################## ASR ########################
######################## ASR ########################
undefended_asr_cnt: 36
undefended_asr_cnt: 36
defended_asr_cnt: 20
defended_asr_cnt: 20
undefended_corr_cnt: 208
undefended_corr_cnt: 208
defended_corr_cnt: 288
######################## ASR ########################
defended_corr_cnt: 288
undefended_asr_cnt: 36
######################## ASR ########################
defended_asr_cnt: 20
undefended_asr_cnt: 36
defended_asr_cnt: 20
Abstain from making response...
Abstain from making response...
Abstain from making response...
Abstain from making response...
Abstain from making response...
Abstain from making response...
Abstain from making response...
Abstain from making response...
undefended_corr_cnt: 209
undefended_corr_cnt: 209
undefended_corr_cnt: 209
undefended_corr_cnt: 209
defended_corr_cnt: 286
defended_corr_cnt: 286
defended_corr_cnt: 286
defended_corr_cnt: 286
######################## ASR ########################
######################## ASR ########################
######################## ASR ########################
######################## ASR ########################
undefended_asr_cnt: 38
undefended_asr_cnt: 38
undefended_asr_cnt: 38
undefended_asr_cnt: 38
defended_asr_cnt: 22
defended_asr_cnt: 22
defended_asr_cnt: 22
defended_asr_cnt: 22
Abstain from making response...
Abstain from making response...
Abstain from making response...
Abstain from making response...
Abstain from making response...
Abstain from making response...
Abstain from making response...
Abstain from making response...
Abstain from making response...
Abstain from making response...
Abstain from making response...
Abstain from making response...
undefended_corr_cnt: 193
undefended_corr_cnt: 193
undefended_corr_cnt: 193
undefended_corr_cnt: 193
defended_corr_cnt: 265
defended_corr_cnt: 265
defended_corr_cnt: 265
defended_corr_cnt: 265
######################## ASR ########################
######################## ASR ########################
######################## ASR ########################
######################## ASR ########################
undefended_asr_cnt: 38
undefended_asr_cnt: 38
undefended_asr_cnt: 38
undefended_asr_cnt: 38
defended_asr_cnt: 20
defended_asr_cnt: 20
defended_asr_cnt: 20
defended_asr_cnt: 20
Abstain from making response...
Abstain from making response...
Abstain from making response...
Abstain from making response...
Abstain from making response...
Abstain from making response...
Abstain from making response...
Abstain from making response...
Abstain from making response...
Abstain from making response...
Abstain from making response...
Abstain from making response...
Abstain from making response...
Abstain from making response...
Abstain from making response...
Abstain from making response...
undefended_corr_cnt: 195
defended_corr_cnt: 278
undefended_corr_cnt: 195
######################## ASR ########################
undefended_asr_cnt: 35
defended_asr_cnt: 17
undefended_corr_cnt: 195
undefended_corr_cnt: 195
defended_corr_cnt: 278
######################## ASR ########################
undefended_asr_cnt: 35
defended_asr_cnt: 17
defended_corr_cnt: 278
defended_corr_cnt: 278
######################## ASR ########################
######################## ASR ########################
undefended_asr_cnt: 35
undefended_asr_cnt: 35
defended_asr_cnt: 17
defended_asr_cnt: 17
Abstain from making response...
Abstain from making response...
Abstain from making response...
Abstain from making response...
Abstain from making response...
Abstain from making response...
Abstain from making response...
Abstain from making response...
Abstain from making response...
Abstain from making response...
Abstain from making response...
Abstain from making response...
Abstain from making response...
Abstain from making response...
Abstain from making response...
Abstain from making response...
Abstain from making response...
Abstain from making response...
Abstain from making response...
Abstain from making response...
undefended_corr_cnt: 169
undefended_corr_cnt: 169
undefended_corr_cnt: 169
defended_corr_cnt: 286
defended_corr_cnt: 286
defended_corr_cnt: 286
######################## ASR ########################
######################## ASR ########################
undefended_asr_cnt: 40
undefended_asr_cnt: 40
######################## ASR ########################
defended_asr_cnt: 17
defended_asr_cnt: 17
undefended_asr_cnt: 40
undefended_corr_cnt: 169
defended_asr_cnt: 17
defended_corr_cnt: 286
######################## ASR ########################
undefended_asr_cnt: 40
defended_asr_cnt: 17
Abstain from making response...
Abstain from making response...
Abstain from making response...
Abstain from making response...
Abstain from making response...
Abstain from making response...
Abstain from making response...
Abstain from making response...
Abstain from making response...
Abstain from making response...
Abstain from making response...
Abstain from making response...
Abstain from making response...
Abstain from making response...
Abstain from making response...
Abstain from making response...
Abstain from making response...
Abstain from making response...
Abstain from making response...
Abstain from making response...
undefended_corr_cnt: 145
undefended_corr_cnt: 145
defended_corr_cnt: 281
######################## ASR ########################
defended_corr_cnt: 281
undefended_asr_cnt: 40
defended_asr_cnt: 15
######################## ASR ########################
undefended_corr_cnt: 145
undefended_asr_cnt: 40
defended_asr_cnt: 15
undefended_corr_cnt: 145
defended_corr_cnt: 281
######################## ASR ########################
undefended_asr_cnt: 40
defended_asr_cnt: 15
defended_corr_cnt: 281
######################## ASR ########################
undefended_asr_cnt: 40
defended_asr_cnt: 15
Abstain from making response...
Abstain from making response...
Abstain from making response...
Abstain from making response...
Abstain from making response...
Abstain from making response...
Abstain from making response...
Abstain from making response...
Abstain from making response...
Abstain from making response...
Abstain from making response...
Abstain from making response...
undefended_corr_cnt: 82
undefended_corr_cnt: 82
undefended_corr_cnt: 82
undefended_corr_cnt: 82
defended_corr_cnt: 280
defended_corr_cnt: 280
defended_corr_cnt: 280
######################## ASR ########################
######################## ASR ########################
######################## ASR ########################
defended_corr_cnt: 280
undefended_asr_cnt: 47
undefended_asr_cnt: 47
undefended_asr_cnt: 47
defended_asr_cnt: 12
######################## ASR ########################
defended_asr_cnt: 12
defended_asr_cnt: 12
undefended_asr_cnt: 47
defended_asr_cnt: 12
abs: 3.0, relative: 0.3
abs: 3.0, relative: 0.3
abs: 3.0, relative: 0.3
abs: 3.0, relative: 0.3
Abstain from making response...
Abstain from making response...
Abstain from making response...
Abstain from making response...
Abstain from making response...
Abstain from making response...
Abstain from making response...
Abstain from making response...
Abstain from making response...
Abstain from making response...
Abstain from making response...
Abstain from making response...
undefended_corr_cnt: 200
defended_corr_cnt: 282
######################## ASR ########################
undefended_asr_cnt: 49
defended_asr_cnt: 29
undefended_corr_cnt: 200
undefended_corr_cnt: 200
undefended_corr_cnt: 200
defended_corr_cnt: 282
defended_corr_cnt: 282
######################## ASR ########################
######################## ASR ########################
undefended_asr_cnt: 49
undefended_asr_cnt: 49
defended_corr_cnt: 282
defended_asr_cnt: 29
defended_asr_cnt: 29
######################## ASR ########################
undefended_asr_cnt: 49
defended_asr_cnt: 29
Abstain from making response...
Abstain from making response...
Abstain from making response...
Abstain from making response...
Abstain from making response...
Abstain from making response...
Abstain from making response...
Abstain from making response...
Abstain from making response...
Abstain from making response...
Abstain from making response...
Abstain from making response...
undefended_corr_cnt: 271
undefended_corr_cnt: 271
undefended_corr_cnt: 271
undefended_corr_cnt: 271
defended_corr_cnt: 281
defended_corr_cnt: 281
defended_corr_cnt: 281
defended_corr_cnt: 281
######################## ASR ########################
######################## ASR ########################
undefended_asr_cnt: 27
######################## ASR ########################
######################## ASR ########################
defended_asr_cnt: 21
undefended_asr_cnt: 27
undefended_asr_cnt: 27
undefended_asr_cnt: 27
defended_asr_cnt: 21
defended_asr_cnt: 21
defended_asr_cnt: 21
Abstain from making response...
Abstain from making response...
Abstain from making response...
Abstain from making response...
Abstain from making response...
Abstain from making response...
Abstain from making response...
Abstain from making response...
undefended_corr_cnt: 226
defended_corr_cnt: 286
######################## ASR ########################
undefended_asr_cnt: 29
defended_asr_cnt: 29
undefended_corr_cnt: 226
undefended_corr_cnt: 226
undefended_corr_cnt: 226
defended_corr_cnt: 286
######################## ASR ########################
undefended_asr_cnt: 29
defended_asr_cnt: 29
defended_corr_cnt: 286
defended_corr_cnt: 286
######################## ASR ########################
######################## ASR ########################
undefended_asr_cnt: 29
undefended_asr_cnt: 29
defended_asr_cnt: 29
defended_asr_cnt: 29
Abstain from making response...
Abstain from making response...
Abstain from making response...
Abstain from making response...
Abstain from making response...
Abstain from making response...
Abstain from making response...
Abstain from making response...
Abstain from making response...
Abstain from making response...
Abstain from making response...
Abstain from making response...
Abstain from making response...
Abstain from making response...
Abstain from making response...
Abstain from making response...
Abstain from making response...
Abstain from making response...
Abstain from making response...
Abstain from making response...
Abstain from making response...
Abstain from making response...
Abstain from making response...
Abstain from making response...
undefended_corr_cnt: 216
undefended_corr_cnt: 216
undefended_corr_cnt: 216
undefended_corr_cnt: 216
defended_corr_cnt: 280
######################## ASR ########################
undefended_asr_cnt: 37
defended_asr_cnt: 23
defended_corr_cnt: 280
defended_corr_cnt: 280
defended_corr_cnt: 280
######################## ASR ########################
######################## ASR ########################
######################## ASR ########################
undefended_asr_cnt: 37
undefended_asr_cnt: 37
undefended_asr_cnt: 37
defended_asr_cnt: 23
defended_asr_cnt: 23
defended_asr_cnt: 23
Abstain from making response...
Abstain from making response...
Abstain from making response...
Abstain from making response...
Abstain from making response...
Abstain from making response...
Abstain from making response...
Abstain from making response...
Abstain from making response...
Abstain from making response...
Abstain from making response...
Abstain from making response...
Abstain from making response...
Abstain from making response...
Abstain from making response...
Abstain from making response...
undefended_corr_cnt: 196
defended_corr_cnt: 292
######################## ASR ########################
undefended_asr_cnt: 38
defended_asr_cnt: 23
undefended_corr_cnt: 196
undefended_corr_cnt: 196
undefended_corr_cnt: 196
defended_corr_cnt: 292
######################## ASR ########################
undefended_asr_cnt: 38
defended_corr_cnt: 292
defended_corr_cnt: 292
defended_asr_cnt: 23
######################## ASR ########################
######################## ASR ########################
undefended_asr_cnt: 38
undefended_asr_cnt: 38
defended_asr_cnt: 23
defended_asr_cnt: 23
Abstain from making response...
Abstain from making response...
Abstain from making response...
Abstain from making response...
Abstain from making response...
Abstain from making response...
Abstain from making response...
Abstain from making response...
Abstain from making response...
Abstain from making response...
Abstain from making response...
Abstain from making response...
Abstain from making response...
Abstain from making response...
Abstain from making response...
Abstain from making response...
Abstain from making response...
Abstain from making response...
Abstain from making response...
Abstain from making response...
Abstain from making response...
Abstain from making response...
Abstain from making response...
Abstain from making response...
undefended_corr_cnt: 188
defended_corr_cnt: 276
undefended_corr_cnt: 188
######################## ASR ########################
undefended_asr_cnt: 40
defended_corr_cnt: 276
defended_asr_cnt: 21
######################## ASR ########################
undefended_asr_cnt: 40
defended_asr_cnt: 21
undefended_corr_cnt: 188
undefended_corr_cnt: 188
defended_corr_cnt: 276
######################## ASR ########################
undefended_asr_cnt: 40
defended_asr_cnt: 21
defended_corr_cnt: 276
######################## ASR ########################
undefended_asr_cnt: 40
defended_asr_cnt: 21
Abstain from making response...
Abstain from making response...
Abstain from making response...
Abstain from making response...
Abstain from making response...
Abstain from making response...
Abstain from making response...
Abstain from making response...
Abstain from making response...
Abstain from making response...
Abstain from making response...
Abstain from making response...
undefended_corr_cnt: 191
defended_corr_cnt: 277
######################## ASR ########################
undefended_asr_cnt: 36
defended_asr_cnt: 22
undefended_corr_cnt: 191
undefended_corr_cnt: 191
undefended_corr_cnt: 191
defended_corr_cnt: 277
defended_corr_cnt: 277
defended_corr_cnt: 277
######################## ASR ########################
######################## ASR ########################
######################## ASR ########################
undefended_asr_cnt: 36
undefended_asr_cnt: 36
undefended_asr_cnt: 36
defended_asr_cnt: 22
defended_asr_cnt: 22
defended_asr_cnt: 22
Abstain from making response...
Abstain from making response...
Abstain from making response...
Abstain from making response...
Abstain from making response...
Abstain from making response...
Abstain from making response...
Abstain from making response...
undefended_corr_cnt: 167
undefended_corr_cnt: 167
defended_corr_cnt: 281
defended_corr_cnt: 281
######################## ASR ########################
######################## ASR ########################
undefended_asr_cnt: 42
undefended_asr_cnt: 42
defended_asr_cnt: 19
defended_asr_cnt: 19
undefended_corr_cnt: 167
undefended_corr_cnt: 167
defended_corr_cnt: 281
######################## ASR ########################
undefended_asr_cnt: 42
defended_corr_cnt: 281
defended_asr_cnt: 19
######################## ASR ########################
undefended_asr_cnt: 42
defended_asr_cnt: 19
Abstain from making response...
Abstain from making response...
Abstain from making response...
Abstain from making response...
undefended_corr_cnt: 143
defended_corr_cnt: 278
######################## ASR ########################
undefended_asr_cnt: 37
defended_asr_cnt: 26
undefended_corr_cnt: 143
undefended_corr_cnt: 143
undefended_corr_cnt: 143
defended_corr_cnt: 278
defended_corr_cnt: 278
######################## ASR ########################
######################## ASR ########################
undefended_asr_cnt: 37
undefended_asr_cnt: 37
defended_asr_cnt: 26
defended_corr_cnt: 278
defended_asr_cnt: 26
######################## ASR ########################
undefended_asr_cnt: 37
defended_asr_cnt: 26
Abstain from making response...
Abstain from making response...
Abstain from making response...
Abstain from making response...
Abstain from making response...
Abstain from making response...
Abstain from making response...
Abstain from making response...
Abstain from making response...
Abstain from making response...
Abstain from making response...
Abstain from making response...
Abstain from making response...
Abstain from making response...
Abstain from making response...
Abstain from making response...
Abstain from making response...
Abstain from making response...
Abstain from making response...
Abstain from making response...
undefended_corr_cnt: 71
defended_corr_cnt: 281
######################## ASR ########################
undefended_asr_cnt: 46
defended_asr_cnt: 27
undefended_corr_cnt: 71
undefended_corr_cnt: 71
undefended_corr_cnt: 71
defended_corr_cnt: 281
######################## ASR ########################
undefended_asr_cnt: 46
defended_asr_cnt: 27
defended_corr_cnt: 281
defended_corr_cnt: 281
######################## ASR ########################
######################## ASR ########################
undefended_asr_cnt: 46
undefended_asr_cnt: 46
defended_asr_cnt: 27
defended_asr_cnt: 27
Namespace(local_rank=0, model_name='llama3b', dataset_name='realtimeqa', rep=5, top_k=10, attack_method='PIA', defense_method='keyword', alpha=0.3, beta=3.0, eta=0.0, temperature=1.0, debug=False, save_response=False, use_cache=False, no_vanilla=False)
Loading data from data/realtimeqa.json......
Total samples: 100
Namespace(local_rank=0, model_name='llama3b', dataset_name='realtimeqa', rep=5, top_k=10, attack_method='PIA', defense_method='keyword', alpha=0.3, beta=3.0, eta=0.0, temperature=1.0, debug=False, save_response=False, use_cache=False, no_vanilla=False)
Loading data from data/realtimeqa.json......
Total samples: 100
abs: 3.0, relative: 0.3
Abstain from making response...
Abstain from making response...
Params: Gamma: 0.8, rank: 0
undefended_corr_cnt: 220
defended_corr_cnt: 153
######################## ASR ########################
undefended_asr_cnt: 43
defended_asr_cnt: 40
Abstain from making response...
Abstain from making response...
Abstain from making response...
Params: Gamma: 0.8, rank: 1
undefended_corr_cnt: 262
defended_corr_cnt: 182
######################## ASR ########################
undefended_asr_cnt: 29
defended_asr_cnt: 23
Abstain from making response...
Abstain from making response...
