Namespace(local_rank=2, model_name='llama3b', dataset_name='realtimeqa', rep=5, top_k=10, attack_method='Poison', defense_method='keyword', alpha=0.3, beta=3.0, eta=0.0, temperature=1.0, debug=False, save_response=False, use_cache=False, no_vanilla=False)
Loading data from data/realtimeqa.json......
Namespace(local_rank=3, model_name='llama3b', dataset_name='realtimeqa', rep=5, top_k=10, attack_method='Poison', defense_method='keyword', alpha=0.3, beta=3.0, eta=0.0, temperature=1.0, debug=False, save_response=False, use_cache=False, no_vanilla=False)
Namespace(local_rank=1, model_name='llama3b', dataset_name='realtimeqa', rep=5, top_k=10, attack_method='Poison', defense_method='keyword', alpha=0.3, beta=3.0, eta=0.0, temperature=1.0, debug=False, save_response=False, use_cache=False, no_vanilla=False)
Loading data from data/realtimeqa.json......
Namespace(local_rank=0, model_name='llama3b', dataset_name='realtimeqa', rep=5, top_k=10, attack_method='Poison', defense_method='keyword', alpha=0.3, beta=3.0, eta=0.0, temperature=1.0, debug=False, save_response=False, use_cache=False, no_vanilla=False)
Loading data from data/realtimeqa.json......
Loading data from data/realtimeqa.json......
Total samples: 100
Total samples: 100
Total samples: 100
Total samples: 100
abs: 3.0, relative: 0.3
abs: 3.0, relative: 0.3
abs: 3.0, relative: 0.3
abs: 3.0, relative: 0.3
Abstain from making response...
Abstain from making response...
Abstain from making response...
Abstain from making response...
Abstain from making response...
Abstain from making response...
Abstain from making response...
Abstain from making response...
Abstain from making response...
Abstain from making response...
Abstain from making response...
Abstain from making response...
Abstain from making response...
Abstain from making response...
Abstain from making response...
Abstain from making response...
Abstain from making response...
Abstain from making response...
Abstain from making response...
Abstain from making response...
Abstain from making response...
Abstain from making response...
Abstain from making response...
Abstain from making response...
undefended_corr_cnt: 284
undefended_corr_cnt: 284
undefended_corr_cnt: 284
undefended_corr_cnt: 284
defended_corr_cnt: 152
######################## ASR ########################
undefended_asr_cnt: 29
defended_corr_cnt: 152
defended_corr_cnt: 152
defended_corr_cnt: 152
defended_asr_cnt: 26
######################## ASR ########################
######################## ASR ########################
######################## ASR ########################
undefended_asr_cnt: 29
undefended_asr_cnt: 29
undefended_asr_cnt: 29
defended_asr_cnt: 26
defended_asr_cnt: 26
defended_asr_cnt: 26
Abstain from making response...
Abstain from making response...
Abstain from making response...
Abstain from making response...
Abstain from making response...
Abstain from making response...
Abstain from making response...
Abstain from making response...
Abstain from making response...
Abstain from making response...
Abstain from making response...
Abstain from making response...
Abstain from making response...
Abstain from making response...
Abstain from making response...
Abstain from making response...
Abstain from making response...
Abstain from making response...
Abstain from making response...
Abstain from making response...
undefended_corr_cnt: 308
defended_corr_cnt: 180
######################## ASR ########################
undefended_asr_cnt: 32
undefended_corr_cnt: 308
defended_asr_cnt: 18
undefended_corr_cnt: 308
undefended_corr_cnt: 308
defended_corr_cnt: 180
defended_corr_cnt: 180
######################## ASR ########################
######################## ASR ########################
undefended_asr_cnt: 32
undefended_asr_cnt: 32
defended_corr_cnt: 180
defended_asr_cnt: 18
defended_asr_cnt: 18
######################## ASR ########################
undefended_asr_cnt: 32
defended_asr_cnt: 18
Abstain from making response...
Abstain from making response...
Abstain from making response...
Abstain from making response...
Abstain from making response...
Abstain from making response...
Abstain from making response...
Abstain from making response...
undefended_corr_cnt: 282
defended_corr_cnt: 180
######################## ASR ########################
undefended_asr_cnt: 42
defended_asr_cnt: 21
undefended_corr_cnt: 282
undefended_corr_cnt: 282
undefended_corr_cnt: 282
defended_corr_cnt: 180
defended_corr_cnt: 180
######################## ASR ########################
######################## ASR ########################
undefended_asr_cnt: 42
undefended_asr_cnt: 42
defended_corr_cnt: 180
defended_asr_cnt: 21
defended_asr_cnt: 21
######################## ASR ########################
undefended_asr_cnt: 42
defended_asr_cnt: 21
Abstain from making response...
Abstain from making response...
Abstain from making response...
Abstain from making response...
Abstain from making response...
Abstain from making response...
Abstain from making response...
Abstain from making response...
Abstain from making response...
Abstain from making response...
Abstain from making response...
Abstain from making response...
undefended_corr_cnt: 286
undefended_corr_cnt: 286
undefended_corr_cnt: 286
defended_corr_cnt: 207
defended_corr_cnt: 207
undefended_corr_cnt: 286
######################## ASR ########################
######################## ASR ########################
undefended_asr_cnt: 38
undefended_asr_cnt: 38
defended_corr_cnt: 207
defended_corr_cnt: 207
defended_asr_cnt: 9
defended_asr_cnt: 9
######################## ASR ########################
######################## ASR ########################
undefended_asr_cnt: 38
undefended_asr_cnt: 38
defended_asr_cnt: 9
defended_asr_cnt: 9
Abstain from making response...
Abstain from making response...
Abstain from making response...
Abstain from making response...
Abstain from making response...
Abstain from making response...
Abstain from making response...
Abstain from making response...
Abstain from making response...
Abstain from making response...
Abstain from making response...
Abstain from making response...
undefended_corr_cnt: 286
undefended_corr_cnt: 286
defended_corr_cnt: 212
######################## ASR ########################
undefended_corr_cnt: 286
undefended_asr_cnt: 38
defended_asr_cnt: 8
defended_corr_cnt: 212
defended_corr_cnt: 212
######################## ASR ########################
######################## ASR ########################
undefended_asr_cnt: 38
undefended_asr_cnt: 38
defended_asr_cnt: 8
undefended_corr_cnt: 286
defended_asr_cnt: 8
defended_corr_cnt: 212
######################## ASR ########################
undefended_asr_cnt: 38
defended_asr_cnt: 8
Abstain from making response...
Abstain from making response...
Abstain from making response...
Abstain from making response...
Abstain from making response...
Abstain from making response...
Abstain from making response...
Abstain from making response...
Abstain from making response...
Abstain from making response...
Abstain from making response...
Abstain from making response...
Abstain from making response...
Abstain from making response...
Abstain from making response...
Abstain from making response...
Abstain from making response...
Abstain from making response...
Abstain from making response...
Abstain from making response...
Abstain from making response...
Abstain from making response...
Abstain from making response...
Abstain from making response...
Abstain from making response...
Abstain from making response...
Abstain from making response...
Abstain from making response...
undefended_corr_cnt: 273
undefended_corr_cnt: 273
undefended_corr_cnt: 273
undefended_corr_cnt: 273
defended_corr_cnt: 199
defended_corr_cnt: 199
######################## ASR ########################
######################## ASR ########################
undefended_asr_cnt: 38
defended_corr_cnt: 199
undefended_asr_cnt: 38
defended_asr_cnt: 12
defended_corr_cnt: 199
defended_asr_cnt: 12
######################## ASR ########################
######################## ASR ########################
undefended_asr_cnt: 38
undefended_asr_cnt: 38
defended_asr_cnt: 12
defended_asr_cnt: 12
Abstain from making response...
Abstain from making response...
Abstain from making response...
Abstain from making response...
Abstain from making response...
Abstain from making response...
Abstain from making response...
Abstain from making response...
Abstain from making response...
Abstain from making response...
Abstain from making response...
Abstain from making response...
undefended_corr_cnt: 276
undefended_corr_cnt: 276
undefended_corr_cnt: 276
undefended_corr_cnt: 276
defended_corr_cnt: 197
defended_corr_cnt: 197
######################## ASR ########################
######################## ASR ########################
undefended_asr_cnt: 36
undefended_asr_cnt: 36
defended_asr_cnt: 4
defended_corr_cnt: 197
defended_corr_cnt: 197
defended_asr_cnt: 4
######################## ASR ########################
######################## ASR ########################
undefended_asr_cnt: 36
undefended_asr_cnt: 36
defended_asr_cnt: 4
defended_asr_cnt: 4
Abstain from making response...
Abstain from making response...
Abstain from making response...
Abstain from making response...
Abstain from making response...
Abstain from making response...
Abstain from making response...
Abstain from making response...
Abstain from making response...
Abstain from making response...
Abstain from making response...
Abstain from making response...
Abstain from making response...
Abstain from making response...
Abstain from making response...
Abstain from making response...
undefended_corr_cnt: 256
undefended_corr_cnt: 256
undefended_corr_cnt: 256
undefended_corr_cnt: 256
defended_corr_cnt: 207
defended_corr_cnt: 207
defended_corr_cnt: 207
######################## ASR ########################
######################## ASR ########################
######################## ASR ########################
undefended_asr_cnt: 40
undefended_asr_cnt: 40
undefended_asr_cnt: 40
defended_asr_cnt: 5
defended_corr_cnt: 207
defended_asr_cnt: 5
defended_asr_cnt: 5
######################## ASR ########################
undefended_asr_cnt: 40
defended_asr_cnt: 5
Abstain from making response...
Abstain from making response...
Abstain from making response...
Abstain from making response...
Abstain from making response...
Abstain from making response...
Abstain from making response...
Abstain from making response...
undefended_corr_cnt: 227
undefended_corr_cnt: 227
undefended_corr_cnt: 227
undefended_corr_cnt: 227
defended_corr_cnt: 213
defended_corr_cnt: 213
defended_corr_cnt: 213
######################## ASR ########################
######################## ASR ########################
######################## ASR ########################
undefended_asr_cnt: 47
undefended_asr_cnt: 47
undefended_asr_cnt: 47
defended_corr_cnt: 213
defended_asr_cnt: 4
defended_asr_cnt: 4
defended_asr_cnt: 4
######################## ASR ########################
undefended_asr_cnt: 47
defended_asr_cnt: 4
Abstain from making response...
Abstain from making response...
Abstain from making response...
Abstain from making response...
Abstain from making response...
Abstain from making response...
Abstain from making response...
Abstain from making response...
Abstain from making response...
Abstain from making response...
Abstain from making response...
Abstain from making response...
undefended_corr_cnt: 209
undefended_corr_cnt: 209
undefended_corr_cnt: 209
undefended_corr_cnt: 209
defended_corr_cnt: 209
defended_corr_cnt: 209
defended_corr_cnt: 209
######################## ASR ########################
######################## ASR ########################
undefended_asr_cnt: 53
######################## ASR ########################
undefended_asr_cnt: 53
defended_asr_cnt: 6
undefended_asr_cnt: 53
defended_asr_cnt: 6
defended_asr_cnt: 6
defended_corr_cnt: 209
######################## ASR ########################
undefended_asr_cnt: 53
defended_asr_cnt: 6
abs: 3.0, relative: 0.3
abs: 3.0, relative: 0.3
abs: 3.0, relative: 0.3
abs: 3.0, relative: 0.3
Abstain from making response...
Abstain from making response...
Abstain from making response...
Abstain from making response...
Abstain from making response...
Abstain from making response...
Abstain from making response...
Abstain from making response...
Abstain from making response...
Abstain from making response...
Abstain from making response...
Abstain from making response...
Abstain from making response...
Abstain from making response...
Abstain from making response...
Abstain from making response...
Abstain from making response...
Abstain from making response...
Abstain from making response...
Abstain from making response...
undefended_corr_cnt: 283
defended_corr_cnt: 214
undefended_corr_cnt: 283
######################## ASR ########################
undefended_asr_cnt: 29
defended_corr_cnt: 214
defended_asr_cnt: 28
######################## ASR ########################
undefended_asr_cnt: 29
defended_asr_cnt: 28
undefended_corr_cnt: 283
defended_corr_cnt: 214
######################## ASR ########################
undefended_asr_cnt: 29
defended_asr_cnt: 28
undefended_corr_cnt: 283
defended_corr_cnt: 214
######################## ASR ########################
undefended_asr_cnt: 29
defended_asr_cnt: 28
Abstain from making response...
Abstain from making response...
Abstain from making response...
Abstain from making response...
Abstain from making response...
Abstain from making response...
Abstain from making response...
Abstain from making response...
undefended_corr_cnt: 304
undefended_corr_cnt: 304
undefended_corr_cnt: 304
undefended_corr_cnt: 304
defended_corr_cnt: 207
defended_corr_cnt: 207
######################## ASR ########################
defended_corr_cnt: 207
undefended_asr_cnt: 32
######################## ASR ########################
######################## ASR ########################
defended_asr_cnt: 12
undefended_asr_cnt: 32
undefended_asr_cnt: 32
defended_corr_cnt: 207
defended_asr_cnt: 12
defended_asr_cnt: 12
######################## ASR ########################
undefended_asr_cnt: 32
defended_asr_cnt: 12
Abstain from making response...
Abstain from making response...
Abstain from making response...
Abstain from making response...
Abstain from making response...
Abstain from making response...
Abstain from making response...
Abstain from making response...
Abstain from making response...
Abstain from making response...
Abstain from making response...
Abstain from making response...
Abstain from making response...
Abstain from making response...
Abstain from making response...
Abstain from making response...
undefended_corr_cnt: 288
undefended_corr_cnt: 288
undefended_corr_cnt: 288
undefended_corr_cnt: 288
defended_corr_cnt: 206
defended_corr_cnt: 206
defended_corr_cnt: 206
######################## ASR ########################
######################## ASR ########################
######################## ASR ########################
undefended_asr_cnt: 38
undefended_asr_cnt: 38
undefended_asr_cnt: 38
defended_asr_cnt: 21
defended_corr_cnt: 206
defended_asr_cnt: 21
defended_asr_cnt: 21
######################## ASR ########################
undefended_asr_cnt: 38
defended_asr_cnt: 21
Abstain from making response...
Abstain from making response...
Abstain from making response...
Abstain from making response...
Abstain from making response...
Abstain from making response...
Abstain from making response...
Abstain from making response...
Abstain from making response...
Abstain from making response...
Abstain from making response...
Abstain from making response...
Abstain from making response...
Abstain from making response...
Abstain from making response...
Abstain from making response...
undefended_corr_cnt: 287
undefended_corr_cnt: 287
undefended_corr_cnt: 287
defended_corr_cnt: 225
defended_corr_cnt: 225
######################## ASR ########################
######################## ASR ########################
undefended_asr_cnt: 38
undefended_asr_cnt: 38
defended_asr_cnt: 14
defended_corr_cnt: 225
defended_asr_cnt: 14
######################## ASR ########################
undefended_asr_cnt: 38
defended_asr_cnt: 14
undefended_corr_cnt: 287
defended_corr_cnt: 225
######################## ASR ########################
undefended_asr_cnt: 38
defended_asr_cnt: 14
Abstain from making response...
Abstain from making response...
Abstain from making response...
Abstain from making response...
Abstain from making response...
Abstain from making response...
Abstain from making response...
Abstain from making response...
Abstain from making response...
Abstain from making response...
Abstain from making response...
Abstain from making response...
Abstain from making response...
Abstain from making response...
Abstain from making response...
Abstain from making response...
Abstain from making response...
Abstain from making response...
Abstain from making response...
Abstain from making response...
undefended_corr_cnt: 279
defended_corr_cnt: 228
######################## ASR ########################
undefended_asr_cnt: 41
defended_asr_cnt: 9
undefended_corr_cnt: 279
undefended_corr_cnt: 279
undefended_corr_cnt: 279
defended_corr_cnt: 228
defended_corr_cnt: 228
defended_corr_cnt: 228
######################## ASR ########################
######################## ASR ########################
######################## ASR ########################
undefended_asr_cnt: 41
undefended_asr_cnt: 41
undefended_asr_cnt: 41
defended_asr_cnt: 9
defended_asr_cnt: 9
defended_asr_cnt: 9
Abstain from making response...
Abstain from making response...
Abstain from making response...
Abstain from making response...
Abstain from making response...
Abstain from making response...
Abstain from making response...
Abstain from making response...
Abstain from making response...
Abstain from making response...
Abstain from making response...
Abstain from making response...
Abstain from making response...
Abstain from making response...
Abstain from making response...
Abstain from making response...
Abstain from making response...
Abstain from making response...
Abstain from making response...
Abstain from making response...
Abstain from making response...
Abstain from making response...
Abstain from making response...
Abstain from making response...
undefended_corr_cnt: 267
undefended_corr_cnt: 267
undefended_corr_cnt: 267
undefended_corr_cnt: 267
defended_corr_cnt: 223
defended_corr_cnt: 223
defended_corr_cnt: 223
######################## ASR ########################
undefended_asr_cnt: 41
######################## ASR ########################
######################## ASR ########################
defended_asr_cnt: 7
undefended_asr_cnt: 41
undefended_asr_cnt: 41
defended_corr_cnt: 223
defended_asr_cnt: 7
defended_asr_cnt: 7
######################## ASR ########################
undefended_asr_cnt: 41
defended_asr_cnt: 7
Abstain from making response...
Abstain from making response...
Abstain from making response...
Abstain from making response...
Abstain from making response...
Abstain from making response...
Abstain from making response...
Abstain from making response...
Abstain from making response...
Abstain from making response...
Abstain from making response...
Abstain from making response...
undefended_corr_cnt: 278
undefended_corr_cnt: 278
undefended_corr_cnt: 278
undefended_corr_cnt: 278
defended_corr_cnt: 232
defended_corr_cnt: 232
defended_corr_cnt: 232
######################## ASR ########################
######################## ASR ########################
undefended_asr_cnt: 36
######################## ASR ########################
undefended_asr_cnt: 36
defended_asr_cnt: 7
defended_corr_cnt: 232
undefended_asr_cnt: 36
defended_asr_cnt: 7
defended_asr_cnt: 7
######################## ASR ########################
undefended_asr_cnt: 36
defended_asr_cnt: 7
Abstain from making response...
Abstain from making response...
Abstain from making response...
Abstain from making response...
Abstain from making response...
Abstain from making response...
Abstain from making response...
Abstain from making response...
Abstain from making response...
Abstain from making response...
Abstain from making response...
Abstain from making response...
Abstain from making response...
Abstain from making response...
Abstain from making response...
Abstain from making response...
undefended_corr_cnt: 251
undefended_corr_cnt: 251
undefended_corr_cnt: 251
undefended_corr_cnt: 251
defended_corr_cnt: 233
defended_corr_cnt: 233
######################## ASR ########################
undefended_asr_cnt: 41
######################## ASR ########################
defended_corr_cnt: 233
defended_asr_cnt: 12
defended_corr_cnt: 233
undefended_asr_cnt: 41
defended_asr_cnt: 12
######################## ASR ########################
######################## ASR ########################
undefended_asr_cnt: 41
undefended_asr_cnt: 41
defended_asr_cnt: 12
defended_asr_cnt: 12
Abstain from making response...
Abstain from making response...
Abstain from making response...
Abstain from making response...
Abstain from making response...
Abstain from making response...
Abstain from making response...
Abstain from making response...
Abstain from making response...
Abstain from making response...
Abstain from making response...
Abstain from making response...
undefended_corr_cnt: 220
undefended_corr_cnt: 220
undefended_corr_cnt: 220
undefended_corr_cnt: 220
defended_corr_cnt: 230
######################## ASR ########################
defended_corr_cnt: 230
undefended_asr_cnt: 53
defended_corr_cnt: 230
defended_corr_cnt: 230
defended_asr_cnt: 12
######################## ASR ########################
######################## ASR ########################
######################## ASR ########################
undefended_asr_cnt: 53
undefended_asr_cnt: 53
undefended_asr_cnt: 53
defended_asr_cnt: 12
defended_asr_cnt: 12
defended_asr_cnt: 12
undefended_corr_cnt: 198
undefended_corr_cnt: 198
undefended_corr_cnt: 198
undefended_corr_cnt: 198
defended_corr_cnt: 236
defended_corr_cnt: 236
defended_corr_cnt: 236
######################## ASR ########################
undefended_asr_cnt: 62
######################## ASR ########################
######################## ASR ########################
defended_asr_cnt: 6
defended_corr_cnt: 236
undefended_asr_cnt: 62
undefended_asr_cnt: 62
defended_asr_cnt: 6
defended_asr_cnt: 6
######################## ASR ########################
undefended_asr_cnt: 62
defended_asr_cnt: 6
abs: 3.0, relative: 0.3
abs: 3.0, relative: 0.3
abs: 3.0, relative: 0.3
abs: 3.0, relative: 0.3
Abstain from making response...
Abstain from making response...
Abstain from making response...
Abstain from making response...
Abstain from making response...
Abstain from making response...
Abstain from making response...
Abstain from making response...
Abstain from making response...
Abstain from making response...
Abstain from making response...
Abstain from making response...
Abstain from making response...
Abstain from making response...
Abstain from making response...
Abstain from making response...
Abstain from making response...
Abstain from making response...
Abstain from making response...
Abstain from making response...
undefended_corr_cnt: 288
defended_corr_cnt: 246
######################## ASR ########################
undefended_asr_cnt: 32
defended_asr_cnt: 31
undefended_corr_cnt: 288
undefended_corr_cnt: 288
undefended_corr_cnt: 288
defended_corr_cnt: 246
defended_corr_cnt: 246
######################## ASR ########################
######################## ASR ########################
undefended_asr_cnt: 32
undefended_asr_cnt: 32
defended_asr_cnt: 31
defended_corr_cnt: 246
defended_asr_cnt: 31
######################## ASR ########################
undefended_asr_cnt: 32
defended_asr_cnt: 31
Abstain from making response...
Abstain from making response...
Abstain from making response...
Abstain from making response...
Abstain from making response...
Abstain from making response...
Abstain from making response...
Abstain from making response...
Abstain from making response...
Abstain from making response...
Abstain from making response...
Abstain from making response...
Abstain from making response...
Abstain from making response...
Abstain from making response...
Abstain from making response...
Abstain from making response...
Abstain from making response...
Abstain from making response...
Abstain from making response...
Abstain from making response...
Abstain from making response...
Abstain from making response...
Abstain from making response...
undefended_corr_cnt: 312
defended_corr_cnt: 239
######################## ASR ########################
undefended_asr_cnt: 32
defended_asr_cnt: 17
undefended_corr_cnt: 312
undefended_corr_cnt: 312
undefended_corr_cnt: 312
defended_corr_cnt: 239
defended_corr_cnt: 239
######################## ASR ########################
######################## ASR ########################
undefended_asr_cnt: 32
undefended_asr_cnt: 32
defended_asr_cnt: 17
defended_corr_cnt: 239
defended_asr_cnt: 17
######################## ASR ########################
undefended_asr_cnt: 32
defended_asr_cnt: 17
Abstain from making response...
Abstain from making response...
Abstain from making response...
Abstain from making response...
Abstain from making response...
Abstain from making response...
Abstain from making response...
Abstain from making response...
Abstain from making response...
Abstain from making response...
Abstain from making response...
Abstain from making response...
undefended_corr_cnt: 288
defended_corr_cnt: 238
######################## ASR ########################
undefended_asr_cnt: 39
undefended_corr_cnt: 288
undefended_corr_cnt: 288
defended_asr_cnt: 18
undefended_corr_cnt: 288
defended_corr_cnt: 238
defended_corr_cnt: 238
######################## ASR ########################
######################## ASR ########################
undefended_asr_cnt: 39
defended_corr_cnt: 238
undefended_asr_cnt: 39
defended_asr_cnt: 18
defended_asr_cnt: 18
######################## ASR ########################
undefended_asr_cnt: 39
defended_asr_cnt: 18
Abstain from making response...
Abstain from making response...
Abstain from making response...
Abstain from making response...
Abstain from making response...
Abstain from making response...
Abstain from making response...
Abstain from making response...
Abstain from making response...
Abstain from making response...
Abstain from making response...
Abstain from making response...
Abstain from making response...
Abstain from making response...
Abstain from making response...
Abstain from making response...
Abstain from making response...
Abstain from making response...
Abstain from making response...
Abstain from making response...
undefended_corr_cnt: 271
undefended_corr_cnt: 271
undefended_corr_cnt: 271
undefended_corr_cnt: 271
defended_corr_cnt: 263
defended_corr_cnt: 263
######################## ASR ########################
######################## ASR ########################
undefended_asr_cnt: 39
undefended_asr_cnt: 39
defended_corr_cnt: 263
defended_asr_cnt: 13
defended_corr_cnt: 263
defended_asr_cnt: 13
######################## ASR ########################
######################## ASR ########################
undefended_asr_cnt: 39
undefended_asr_cnt: 39
defended_asr_cnt: 13
defended_asr_cnt: 13
Abstain from making response...
Abstain from making response...
Abstain from making response...
Abstain from making response...
undefended_corr_cnt: 283
defended_corr_cnt: 258
######################## ASR ########################
undefended_asr_cnt: 36
defended_asr_cnt: 12
undefended_corr_cnt: 283
undefended_corr_cnt: 283
defended_corr_cnt: 258
undefended_corr_cnt: 283
######################## ASR ########################
undefended_asr_cnt: 36
defended_asr_cnt: 12
defended_corr_cnt: 258
######################## ASR ########################
defended_corr_cnt: 258
undefended_asr_cnt: 36
defended_asr_cnt: 12
######################## ASR ########################
undefended_asr_cnt: 36
defended_asr_cnt: 12
Abstain from making response...
Abstain from making response...
Abstain from making response...
Abstain from making response...
Abstain from making response...
Abstain from making response...
Abstain from making response...
Abstain from making response...
Abstain from making response...
Abstain from making response...
Abstain from making response...
Abstain from making response...
Abstain from making response...
Abstain from making response...
Abstain from making response...
Abstain from making response...
Abstain from making response...
Abstain from making response...
Abstain from making response...
Abstain from making response...
Abstain from making response...
Abstain from making response...
Abstain from making response...
Abstain from making response...
Abstain from making response...
Abstain from making response...
Abstain from making response...
Abstain from making response...
Abstain from making response...
Abstain from making response...
Abstain from making response...
Abstain from making response...
undefended_corr_cnt: 261
undefended_corr_cnt: 261
defended_corr_cnt: 252
######################## ASR ########################
undefended_asr_cnt: 40
defended_asr_cnt: 5
defended_corr_cnt: 252
######################## ASR ########################
undefended_asr_cnt: 40
defended_asr_cnt: 5
undefended_corr_cnt: 261
undefended_corr_cnt: 261
defended_corr_cnt: 252
######################## ASR ########################
undefended_asr_cnt: 40
defended_asr_cnt: 5
defended_corr_cnt: 252
######################## ASR ########################
undefended_asr_cnt: 40
defended_asr_cnt: 5
Abstain from making response...
Abstain from making response...
Abstain from making response...
Abstain from making response...
Abstain from making response...
Abstain from making response...
Abstain from making response...
Abstain from making response...
Abstain from making response...
Abstain from making response...
Abstain from making response...
Abstain from making response...
Abstain from making response...
Abstain from making response...
Abstain from making response...
Abstain from making response...
Abstain from making response...
Abstain from making response...
Abstain from making response...
Abstain from making response...
undefended_corr_cnt: 270
defended_corr_cnt: 245
######################## ASR ########################
undefended_asr_cnt: 40
defended_asr_cnt: 10
undefended_corr_cnt: 270
undefended_corr_cnt: 270
undefended_corr_cnt: 270
defended_corr_cnt: 245
######################## ASR ########################
undefended_asr_cnt: 40
defended_asr_cnt: 10
defended_corr_cnt: 245
defended_corr_cnt: 245
######################## ASR ########################
######################## ASR ########################
undefended_asr_cnt: 40
undefended_asr_cnt: 40
defended_asr_cnt: 10
defended_asr_cnt: 10
Abstain from making response...
Abstain from making response...
Abstain from making response...
Abstain from making response...
Abstain from making response...
Abstain from making response...
Abstain from making response...
Abstain from making response...
Abstain from making response...
Abstain from making response...
Abstain from making response...
Abstain from making response...
undefended_corr_cnt: 247
defended_corr_cnt: 268
######################## ASR ########################
undefended_asr_cnt: 46
defended_asr_cnt: 7
undefended_corr_cnt: 247
undefended_corr_cnt: 247
undefended_corr_cnt: 247
defended_corr_cnt: 268
defended_corr_cnt: 268
######################## ASR ########################
######################## ASR ########################
undefended_asr_cnt: 46
undefended_asr_cnt: 46
defended_asr_cnt: 7
defended_corr_cnt: 268
defended_asr_cnt: 7
######################## ASR ########################
undefended_asr_cnt: 46
defended_asr_cnt: 7
Abstain from making response...
Abstain from making response...
Abstain from making response...
Abstain from making response...
Abstain from making response...
Abstain from making response...
Abstain from making response...
Abstain from making response...
Abstain from making response...
Abstain from making response...
Abstain from making response...
Abstain from making response...
undefended_corr_cnt: 224
undefended_corr_cnt: 224
undefended_corr_cnt: 224
undefended_corr_cnt: 224
defended_corr_cnt: 265
defended_corr_cnt: 265
######################## ASR ########################
######################## ASR ########################
undefended_asr_cnt: 46
defended_corr_cnt: 265
undefended_asr_cnt: 46
defended_asr_cnt: 8
defended_corr_cnt: 265
defended_asr_cnt: 8
######################## ASR ########################
######################## ASR ########################
undefended_asr_cnt: 46
undefended_asr_cnt: 46
defended_asr_cnt: 8
defended_asr_cnt: 8
Abstain from making response...
Abstain from making response...
Abstain from making response...
Abstain from making response...
Abstain from making response...
Abstain from making response...
Abstain from making response...
Abstain from making response...
Abstain from making response...
Abstain from making response...
Abstain from making response...
Abstain from making response...
undefended_corr_cnt: 202
undefended_corr_cnt: 202
defended_corr_cnt: 268
######################## ASR ########################
undefended_asr_cnt: 59
defended_corr_cnt: 268
defended_asr_cnt: 12
######################## ASR ########################
undefended_asr_cnt: 59
undefended_corr_cnt: 202
undefended_corr_cnt: 202
defended_asr_cnt: 12
defended_corr_cnt: 268
defended_corr_cnt: 268
######################## ASR ########################
######################## ASR ########################
undefended_asr_cnt: 59
undefended_asr_cnt: 59
defended_asr_cnt: 12
defended_asr_cnt: 12
abs: 3.0, relative: 0.3
abs: 3.0, relative: 0.3
abs: 3.0, relative: 0.3
abs: 3.0, relative: 0.3
Abstain from making response...
Abstain from making response...
Abstain from making response...
Abstain from making response...
Abstain from making response...
Abstain from making response...
Abstain from making response...
Abstain from making response...
Abstain from making response...
Abstain from making response...
Abstain from making response...
Abstain from making response...
undefended_corr_cnt: 273
undefended_corr_cnt: 273
undefended_corr_cnt: 273
undefended_corr_cnt: 273
defended_corr_cnt: 274
######################## ASR ########################
defended_corr_cnt: 274
undefended_asr_cnt: 32
defended_asr_cnt: 20
######################## ASR ########################
defended_corr_cnt: 274
undefended_asr_cnt: 32
defended_corr_cnt: 274
######################## ASR ########################
defended_asr_cnt: 20
undefended_asr_cnt: 32
######################## ASR ########################
defended_asr_cnt: 20
undefended_asr_cnt: 32
defended_asr_cnt: 20
Abstain from making response...
Abstain from making response...
Abstain from making response...
Abstain from making response...
undefended_corr_cnt: 312
undefended_corr_cnt: 312
undefended_corr_cnt: 312
undefended_corr_cnt: 312
defended_corr_cnt: 267
defended_corr_cnt: 267
defended_corr_cnt: 267
######################## ASR ########################
######################## ASR ########################
######################## ASR ########################
undefended_asr_cnt: 29
undefended_asr_cnt: 29
undefended_asr_cnt: 29
defended_corr_cnt: 267
defended_asr_cnt: 23
defended_asr_cnt: 23
defended_asr_cnt: 23
######################## ASR ########################
undefended_asr_cnt: 29
defended_asr_cnt: 23
Abstain from making response...
Abstain from making response...
Abstain from making response...
Abstain from making response...
Abstain from making response...
Abstain from making response...
Abstain from making response...
Abstain from making response...
Abstain from making response...
Abstain from making response...
Abstain from making response...
Abstain from making response...
undefended_corr_cnt: 288
undefended_corr_cnt: 288
defended_corr_cnt: 275
defended_corr_cnt: 275
######################## ASR ########################
######################## ASR ########################
undefended_asr_cnt: 40
undefended_asr_cnt: 40
defended_asr_cnt: 23
defended_asr_cnt: 23
undefended_corr_cnt: 288
undefended_corr_cnt: 288
defended_corr_cnt: 275
defended_corr_cnt: 275
######################## ASR ########################
######################## ASR ########################
undefended_asr_cnt: 40
undefended_asr_cnt: 40
defended_asr_cnt: 23
defended_asr_cnt: 23
Abstain from making response...
Abstain from making response...
Abstain from making response...
Abstain from making response...
Abstain from making response...
Abstain from making response...
Abstain from making response...
Abstain from making response...
Abstain from making response...
Abstain from making response...
Abstain from making response...
Abstain from making response...
Abstain from making response...
Abstain from making response...
Abstain from making response...
Abstain from making response...
undefended_corr_cnt: 288
defended_corr_cnt: 275
undefended_corr_cnt: 288
######################## ASR ########################
undefended_asr_cnt: 35
defended_asr_cnt: 11
undefended_corr_cnt: 288
undefended_corr_cnt: 288
defended_corr_cnt: 275
######################## ASR ########################
undefended_asr_cnt: 35
defended_corr_cnt: 275
defended_asr_cnt: 11
defended_corr_cnt: 275
######################## ASR ########################
undefended_asr_cnt: 35
######################## ASR ########################
defended_asr_cnt: 11
undefended_asr_cnt: 35
defended_asr_cnt: 11
Abstain from making response...
Abstain from making response...
Abstain from making response...
Abstain from making response...
Abstain from making response...
Abstain from making response...
Abstain from making response...
Abstain from making response...
Abstain from making response...
Abstain from making response...
Abstain from making response...
Abstain from making response...
Abstain from making response...
Abstain from making response...
Abstain from making response...
Abstain from making response...
Abstain from making response...
Abstain from making response...
Abstain from making response...
Abstain from making response...
Abstain from making response...
Abstain from making response...
Abstain from making response...
Abstain from making response...
undefended_corr_cnt: 289
defended_corr_cnt: 275
######################## ASR ########################
undefended_asr_cnt: 42
defended_asr_cnt: 17
undefended_corr_cnt: 289
undefended_corr_cnt: 289
undefended_corr_cnt: 289
defended_corr_cnt: 275
######################## ASR ########################
defended_corr_cnt: 275
undefended_asr_cnt: 42
######################## ASR ########################
defended_asr_cnt: 17
defended_corr_cnt: 275
undefended_asr_cnt: 42
######################## ASR ########################
defended_asr_cnt: 17
undefended_asr_cnt: 42
defended_asr_cnt: 17
Abstain from making response...
Abstain from making response...
Abstain from making response...
Abstain from making response...
Abstain from making response...
Abstain from making response...
Abstain from making response...
Abstain from making response...
Abstain from making response...
Abstain from making response...
Abstain from making response...
Abstain from making response...
Abstain from making response...
Abstain from making response...
Abstain from making response...
Abstain from making response...
Abstain from making response...
Abstain from making response...
Abstain from making response...
Abstain from making response...
Abstain from making response...
Abstain from making response...
Abstain from making response...
Abstain from making response...
Abstain from making response...
Abstain from making response...
Abstain from making response...
Abstain from making response...
undefended_corr_cnt: 270
undefended_corr_cnt: 270
undefended_corr_cnt: 270
undefended_corr_cnt: 270
defended_corr_cnt: 270
defended_corr_cnt: 270
defended_corr_cnt: 270
######################## ASR ########################
undefended_asr_cnt: 38
######################## ASR ########################
######################## ASR ########################
defended_asr_cnt: 10
defended_corr_cnt: 270
undefended_asr_cnt: 38
undefended_asr_cnt: 38
defended_asr_cnt: 10
defended_asr_cnt: 10
######################## ASR ########################
undefended_asr_cnt: 38
defended_asr_cnt: 10
Abstain from making response...
Abstain from making response...
Abstain from making response...
Abstain from making response...
Abstain from making response...
Abstain from making response...
Abstain from making response...
Abstain from making response...
Abstain from making response...
Abstain from making response...
Abstain from making response...
Abstain from making response...
undefended_corr_cnt: 276
undefended_corr_cnt: 276
undefended_corr_cnt: 276
undefended_corr_cnt: 276
defended_corr_cnt: 283
defended_corr_cnt: 283
######################## ASR ########################
######################## ASR ########################
undefended_asr_cnt: 40
defended_corr_cnt: 283
defended_asr_cnt: 11
defended_corr_cnt: 283
undefended_asr_cnt: 40
defended_asr_cnt: 11
######################## ASR ########################
######################## ASR ########################
undefended_asr_cnt: 40
undefended_asr_cnt: 40
defended_asr_cnt: 11
defended_asr_cnt: 11
Abstain from making response...
Abstain from making response...
Abstain from making response...
Abstain from making response...
Abstain from making response...
Abstain from making response...
Abstain from making response...
Abstain from making response...
Abstain from making response...
Abstain from making response...
Abstain from making response...
Abstain from making response...
Abstain from making response...
Abstain from making response...
Abstain from making response...
Abstain from making response...
Abstain from making response...
Abstain from making response...
Abstain from making response...
Abstain from making response...
undefended_corr_cnt: 260
defended_corr_cnt: 277
######################## ASR ########################
undefended_asr_cnt: 38
defended_asr_cnt: 13
undefended_corr_cnt: 260
undefended_corr_cnt: 260
defended_corr_cnt: 277
defended_corr_cnt: 277
######################## ASR ########################
######################## ASR ########################
undefended_asr_cnt: 38
undefended_asr_cnt: 38
defended_asr_cnt: 13
defended_asr_cnt: 13
undefended_corr_cnt: 260
defended_corr_cnt: 277
######################## ASR ########################
undefended_asr_cnt: 38
defended_asr_cnt: 13
Abstain from making response...
Abstain from making response...
Abstain from making response...
Abstain from making response...
Abstain from making response...
Abstain from making response...
Abstain from making response...
Abstain from making response...
Abstain from making response...
Abstain from making response...
Abstain from making response...
Abstain from making response...
undefended_corr_cnt: 231
undefended_corr_cnt: 231
undefended_corr_cnt: 231
defended_corr_cnt: 269
defended_corr_cnt: 269
defended_corr_cnt: 269
######################## ASR ########################
######################## ASR ########################
undefended_corr_cnt: 231
######################## ASR ########################
undefended_asr_cnt: 42
undefended_asr_cnt: 42
defended_asr_cnt: 12
undefended_asr_cnt: 42
defended_asr_cnt: 12
defended_asr_cnt: 12
defended_corr_cnt: 269
######################## ASR ########################
undefended_asr_cnt: 42
defended_asr_cnt: 12
Abstain from making response...
Abstain from making response...
Abstain from making response...
Abstain from making response...
undefended_corr_cnt: 209
undefended_corr_cnt: 209
undefended_corr_cnt: 209
undefended_corr_cnt: 209
defended_corr_cnt: 275
defended_corr_cnt: 275
######################## ASR ########################
######################## ASR ########################
defended_corr_cnt: 275
undefended_asr_cnt: 52
undefended_asr_cnt: 52
defended_corr_cnt: 275
defended_asr_cnt: 9
######################## ASR ########################
defended_asr_cnt: 9
undefended_asr_cnt: 52
######################## ASR ########################
defended_asr_cnt: 9
undefended_asr_cnt: 52
defended_asr_cnt: 9
abs: 3.0, relative: 0.3
abs: 3.0, relative: 0.3
abs: 3.0, relative: 0.3
abs: 3.0, relative: 0.3
Abstain from making response...
Abstain from making response...
Abstain from making response...
Abstain from making response...
Abstain from making response...
Abstain from making response...
Abstain from making response...
Abstain from making response...
Abstain from making response...
Abstain from making response...
Abstain from making response...
Abstain from making response...
Abstain from making response...
Abstain from making response...
Abstain from making response...
Abstain from making response...
Abstain from making response...
Abstain from making response...
Abstain from making response...
Abstain from making response...
undefended_corr_cnt: 285
defended_corr_cnt: 277
######################## ASR ########################
undefended_asr_cnt: 33
defended_asr_cnt: 23
undefended_corr_cnt: 285
undefended_corr_cnt: 285
undefended_corr_cnt: 285
defended_corr_cnt: 277
defended_corr_cnt: 277
defended_corr_cnt: 277
######################## ASR ########################
######################## ASR ########################
######################## ASR ########################
undefended_asr_cnt: 33
undefended_asr_cnt: 33
undefended_asr_cnt: 33
defended_asr_cnt: 23
defended_asr_cnt: 23
defended_asr_cnt: 23
Abstain from making response...
Abstain from making response...
Abstain from making response...
Abstain from making response...
Abstain from making response...
Abstain from making response...
Abstain from making response...
Abstain from making response...
Abstain from making response...
Abstain from making response...
Abstain from making response...
Abstain from making response...
Abstain from making response...
Abstain from making response...
Abstain from making response...
Abstain from making response...
Abstain from making response...
Abstain from making response...
Abstain from making response...
Abstain from making response...
Abstain from making response...
Abstain from making response...
Abstain from making response...
Abstain from making response...
undefended_corr_cnt: 301
defended_corr_cnt: 269
######################## ASR ########################
undefended_asr_cnt: 36
defended_asr_cnt: 17
undefended_corr_cnt: 301
undefended_corr_cnt: 301
undefended_corr_cnt: 301
defended_corr_cnt: 269
defended_corr_cnt: 269
######################## ASR ########################
######################## ASR ########################
undefended_asr_cnt: 36
defended_corr_cnt: 269
undefended_asr_cnt: 36
defended_asr_cnt: 17
defended_asr_cnt: 17
######################## ASR ########################
undefended_asr_cnt: 36
defended_asr_cnt: 17
Abstain from making response...
Abstain from making response...
Abstain from making response...
Abstain from making response...
undefended_corr_cnt: 287
undefended_corr_cnt: 287
undefended_corr_cnt: 287
undefended_corr_cnt: 287
defended_corr_cnt: 286
defended_corr_cnt: 286
######################## ASR ########################
######################## ASR ########################
undefended_asr_cnt: 37
defended_corr_cnt: 286
defended_corr_cnt: 286
defended_asr_cnt: 22
undefended_asr_cnt: 37
defended_asr_cnt: 22
######################## ASR ########################
######################## ASR ########################
undefended_asr_cnt: 37
undefended_asr_cnt: 37
defended_asr_cnt: 22
defended_asr_cnt: 22
Abstain from making response...
Abstain from making response...
Abstain from making response...
Abstain from making response...
Abstain from making response...
Abstain from making response...
Abstain from making response...
Abstain from making response...
Abstain from making response...
Abstain from making response...
Abstain from making response...
Abstain from making response...
Abstain from making response...
Abstain from making response...
Abstain from making response...
Abstain from making response...
Abstain from making response...
Abstain from making response...
Abstain from making response...
Abstain from making response...
Abstain from making response...
Abstain from making response...
Abstain from making response...
Abstain from making response...
undefended_corr_cnt: 280
undefended_corr_cnt: 280
undefended_corr_cnt: 280
defended_corr_cnt: 293
defended_corr_cnt: 293
undefended_corr_cnt: 280
######################## ASR ########################
######################## ASR ########################
undefended_asr_cnt: 44
undefended_asr_cnt: 44
defended_asr_cnt: 14
defended_asr_cnt: 14
defended_corr_cnt: 293
######################## ASR ########################
defended_corr_cnt: 293
undefended_asr_cnt: 44
######################## ASR ########################
defended_asr_cnt: 14
undefended_asr_cnt: 44
defended_asr_cnt: 14
Abstain from making response...
Abstain from making response...
Abstain from making response...
Abstain from making response...
Abstain from making response...
Abstain from making response...
Abstain from making response...
Abstain from making response...
Abstain from making response...
Abstain from making response...
Abstain from making response...
Abstain from making response...
Abstain from making response...
Abstain from making response...
Abstain from making response...
Abstain from making response...
undefended_corr_cnt: 284
defended_corr_cnt: 283
######################## ASR ########################
undefended_asr_cnt: 37
defended_asr_cnt: 19
undefended_corr_cnt: 284
undefended_corr_cnt: 284
undefended_corr_cnt: 284
defended_corr_cnt: 283
defended_corr_cnt: 283
######################## ASR ########################
######################## ASR ########################
undefended_asr_cnt: 37
undefended_asr_cnt: 37
defended_asr_cnt: 19
defended_corr_cnt: 283
defended_asr_cnt: 19
######################## ASR ########################
undefended_asr_cnt: 37
defended_asr_cnt: 19
Abstain from making response...
Abstain from making response...
Abstain from making response...
Abstain from making response...
Abstain from making response...
Abstain from making response...
Abstain from making response...
Abstain from making response...
Abstain from making response...
Abstain from making response...
Abstain from making response...
Abstain from making response...
Abstain from making response...
Abstain from making response...
Abstain from making response...
Abstain from making response...
Abstain from making response...
Abstain from making response...
Abstain from making response...
Abstain from making response...
undefended_corr_cnt: 271
defended_corr_cnt: 285
######################## ASR ########################
undefended_asr_cnt: 39
undefended_corr_cnt: 271
defended_asr_cnt: 15
undefended_corr_cnt: 271
undefended_corr_cnt: 271
defended_corr_cnt: 285
######################## ASR ########################
undefended_asr_cnt: 39
defended_corr_cnt: 285
defended_corr_cnt: 285
defended_asr_cnt: 15
######################## ASR ########################
######################## ASR ########################
undefended_asr_cnt: 39
undefended_asr_cnt: 39
defended_asr_cnt: 15
defended_asr_cnt: 15
Abstain from making response...
Abstain from making response...
Abstain from making response...
Abstain from making response...
Abstain from making response...
Abstain from making response...
Abstain from making response...
Abstain from making response...
Abstain from making response...
Abstain from making response...
Abstain from making response...
Abstain from making response...
Abstain from making response...
Abstain from making response...
Abstain from making response...
Abstain from making response...
Abstain from making response...
Abstain from making response...
Abstain from making response...
Abstain from making response...
Abstain from making response...
Abstain from making response...
Abstain from making response...
Abstain from making response...
undefended_corr_cnt: 270
defended_corr_cnt: 288
######################## ASR ########################
undefended_asr_cnt: 44
defended_asr_cnt: 17
undefended_corr_cnt: 270
undefended_corr_cnt: 270
undefended_corr_cnt: 270
defended_corr_cnt: 288
######################## ASR ########################
defended_corr_cnt: 288
defended_corr_cnt: 288
undefended_asr_cnt: 44
######################## ASR ########################
######################## ASR ########################
defended_asr_cnt: 17
undefended_asr_cnt: 44
undefended_asr_cnt: 44
defended_asr_cnt: 17
defended_asr_cnt: 17
Abstain from making response...
Abstain from making response...
Abstain from making response...
Abstain from making response...
Abstain from making response...
Abstain from making response...
Abstain from making response...
Abstain from making response...
Abstain from making response...
Abstain from making response...
Abstain from making response...
Abstain from making response...
Abstain from making response...
Abstain from making response...
Abstain from making response...
Abstain from making response...
Abstain from making response...
Abstain from making response...
Abstain from making response...
Abstain from making response...
undefended_corr_cnt: 254
undefended_corr_cnt: 254
defended_corr_cnt: 282
######################## ASR ########################
undefended_corr_cnt: 254
undefended_asr_cnt: 39
defended_asr_cnt: 14
defended_corr_cnt: 282
undefended_corr_cnt: 254
######################## ASR ########################
undefended_asr_cnt: 39
defended_corr_cnt: 282
defended_asr_cnt: 14
######################## ASR ########################
undefended_asr_cnt: 39
defended_asr_cnt: 14
defended_corr_cnt: 282
######################## ASR ########################
undefended_asr_cnt: 39
defended_asr_cnt: 14
Abstain from making response...
Abstain from making response...
Abstain from making response...
Abstain from making response...
Abstain from making response...
Abstain from making response...
Abstain from making response...
Abstain from making response...
undefended_corr_cnt: 232
undefended_corr_cnt: 232
defended_corr_cnt: 285
undefended_corr_cnt: 232
undefended_corr_cnt: 232
######################## ASR ########################
undefended_asr_cnt: 52
defended_corr_cnt: 285
defended_asr_cnt: 21
######################## ASR ########################
undefended_asr_cnt: 52
defended_asr_cnt: 21
defended_corr_cnt: 285
defended_corr_cnt: 285
######################## ASR ########################
######################## ASR ########################
undefended_asr_cnt: 52
undefended_asr_cnt: 52
defended_asr_cnt: 21
defended_asr_cnt: 21
Abstain from making response...
Abstain from making response...
Abstain from making response...
Abstain from making response...
Abstain from making response...
Abstain from making response...
Abstain from making response...
Abstain from making response...
undefended_corr_cnt: 206
undefended_corr_cnt: 206
defended_corr_cnt: 284
undefended_corr_cnt: 206
######################## ASR ########################
undefended_asr_cnt: 57
defended_corr_cnt: 284
defended_asr_cnt: 12
undefended_corr_cnt: 206
######################## ASR ########################
undefended_asr_cnt: 57
defended_asr_cnt: 12
defended_corr_cnt: 284
defended_corr_cnt: 284
######################## ASR ########################
######################## ASR ########################
undefended_asr_cnt: 57
undefended_asr_cnt: 57
defended_asr_cnt: 12
defended_asr_cnt: 12
