Namespace(local_rank=0, model_name='llama3b', dataset_name='realtimeqa', rep=5, top_k=10, attack_method='PIA', defense_method='greedy', alpha=0.3, beta=3.0, eta=0.0, temperature=1.0, debug=False, save_response=False, use_cache=False, no_vanilla=False)
Loading data from data/realtimeqa.json......
Total samples: 100
Namespace(local_rank=0, model_name='llama3b', dataset_name='realtimeqa', rep=5, top_k=10, attack_method='PIA', defense_method='greedy', alpha=0.3, beta=3.0, eta=0.0, temperature=1.0, debug=False, save_response=False, use_cache=False, no_vanilla=False)
Loading data from data/realtimeqa.json......
Total samples: 100
Namespace(local_rank=1, model_name='llama3b', dataset_name='realtimeqa', rep=1, top_k=10, attack_method='PIA', defense_method='greedy', alpha=0.3, beta=3.0, eta=0.0, temperature=1.0, debug=False, save_response=False, use_cache=False, no_vanilla=False)
Loading data from data/realtimeqa.json......
Namespace(local_rank=0, model_name='llama3b', dataset_name='realtimeqa', rep=1, top_k=10, attack_method='PIA', defense_method='greedy', alpha=0.3, beta=3.0, eta=0.0, temperature=1.0, debug=False, save_response=False, use_cache=False, no_vanilla=False)
Loading data from data/realtimeqa.json......
Namespace(local_rank=2, model_name='llama3b', dataset_name='realtimeqa', rep=1, top_k=10, attack_method='PIA', defense_method='greedy', alpha=0.3, beta=3.0, eta=0.0, temperature=1.0, debug=False, save_response=False, use_cache=False, no_vanilla=False)
Namespace(local_rank=3, model_name='llama3b', dataset_name='realtimeqa', rep=1, top_k=10, attack_method='PIA', defense_method='greedy', alpha=0.3, beta=3.0, eta=0.0, temperature=1.0, debug=False, save_response=False, use_cache=False, no_vanilla=False)
Loading data from data/realtimeqa.json......
Loading data from data/realtimeqa.json......
Total samples: 100
Total samples: 100
Total samples: 100
Total samples: 100
Namespace(local_rank=0, model_name='llama3b', dataset_name='realtimeqa', rep=1, top_k=10, attack_method='PIA', defense_method='greedy', alpha=0.3, beta=3.0, eta=0.0, temperature=1.0, debug=False, save_response=False, use_cache=False, no_vanilla=False)
Namespace(local_rank=1, model_name='llama3b', dataset_name='realtimeqa', rep=1, top_k=10, attack_method='PIA', defense_method='greedy', alpha=0.3, beta=3.0, eta=0.0, temperature=1.0, debug=False, save_response=False, use_cache=False, no_vanilla=False)
Loading data from data/realtimeqa.json......
Loading data from data/realtimeqa.json......
Namespace(local_rank=3, model_name='llama3b', dataset_name='realtimeqa', rep=1, top_k=10, attack_method='PIA', defense_method='greedy', alpha=0.3, beta=3.0, eta=0.0, temperature=1.0, debug=False, save_response=False, use_cache=False, no_vanilla=False)
Namespace(local_rank=2, model_name='llama3b', dataset_name='realtimeqa', rep=1, top_k=10, attack_method='PIA', defense_method='greedy', alpha=0.3, beta=3.0, eta=0.0, temperature=1.0, debug=False, save_response=False, use_cache=False, no_vanilla=False)
Loading data from data/realtimeqa.json......
Loading data from data/realtimeqa.json......
Total samples: 100
Total samples: 100
Total samples: 100
Total samples: 100
Namespace(local_rank=1, model_name='llama3b', dataset_name='realtimeqa', rep=1, top_k=10, attack_method='PIA', defense_method='greedy', alpha=0.3, beta=3.0, eta=0.0, temperature=1.0, debug=False, save_response=False, use_cache=False, no_vanilla=False)
Namespace(local_rank=3, model_name='llama3b', dataset_name='realtimeqa', rep=1, top_k=10, attack_method='PIA', defense_method='greedy', alpha=0.3, beta=3.0, eta=0.0, temperature=1.0, debug=False, save_response=False, use_cache=False, no_vanilla=False)
Loading data from data/realtimeqa.json......
Loading data from data/realtimeqa.json......
Namespace(local_rank=0, model_name='llama3b', dataset_name='realtimeqa', rep=1, top_k=10, attack_method='PIA', defense_method='greedy', alpha=0.3, beta=3.0, eta=0.0, temperature=1.0, debug=False, save_response=False, use_cache=False, no_vanilla=False)
Namespace(local_rank=2, model_name='llama3b', dataset_name='realtimeqa', rep=1, top_k=10, attack_method='PIA', defense_method='greedy', alpha=0.3, beta=3.0, eta=0.0, temperature=1.0, debug=False, save_response=False, use_cache=False, no_vanilla=False)
Loading data from data/realtimeqa.json......
Loading data from data/realtimeqa.json......
Total samples: 100
Total samples: 100
Total samples: 100
Total samples: 100
Namespace(local_rank=0, model_name='llama3b', dataset_name='realtimeqa', rep=1, top_k=10, attack_method='PIA', defense_method='greedy', alpha=0.3, beta=3.0, eta=0.0, temperature=1.0, debug=False, save_response=False, use_cache=False, no_vanilla=False)
Namespace(local_rank=1, model_name='llama3b', dataset_name='realtimeqa', rep=1, top_k=10, attack_method='PIA', defense_method='greedy', alpha=0.3, beta=3.0, eta=0.0, temperature=1.0, debug=False, save_response=False, use_cache=False, no_vanilla=False)
Loading data from data/realtimeqa.json......
Loading data from data/realtimeqa.json......
Namespace(local_rank=2, model_name='llama3b', dataset_name='realtimeqa', rep=1, top_k=10, attack_method='PIA', defense_method='greedy', alpha=0.3, beta=3.0, eta=0.0, temperature=1.0, debug=False, save_response=False, use_cache=False, no_vanilla=False)
Namespace(local_rank=3, model_name='llama3b', dataset_name='realtimeqa', rep=1, top_k=10, attack_method='PIA', defense_method='greedy', alpha=0.3, beta=3.0, eta=0.0, temperature=1.0, debug=False, save_response=False, use_cache=False, no_vanilla=False)
Loading data from data/realtimeqa.json......
Loading data from data/realtimeqa.json......
Total samples: 100
Total samples: 100
Total samples: 100
Total samples: 100
Namespace(local_rank=0, model_name='llama3b', dataset_name='realtimeqa', rep=1, top_k=10, attack_method='PIA', defense_method='greedy', alpha=0.3, beta=3.0, eta=0.0, temperature=1.0, debug=False, save_response=False, use_cache=False, no_vanilla=False)
Namespace(local_rank=2, model_name='llama3b', dataset_name='realtimeqa', rep=1, top_k=10, attack_method='PIA', defense_method='greedy', alpha=0.3, beta=3.0, eta=0.0, temperature=1.0, debug=False, save_response=False, use_cache=False, no_vanilla=False)
Loading data from data/realtimeqa.json......
Loading data from data/realtimeqa.json......
Namespace(local_rank=1, model_name='llama3b', dataset_name='realtimeqa', rep=1, top_k=10, attack_method='PIA', defense_method='greedy', alpha=0.3, beta=3.0, eta=0.0, temperature=1.0, debug=False, save_response=False, use_cache=False, no_vanilla=False)
Namespace(local_rank=3, model_name='llama3b', dataset_name='realtimeqa', rep=1, top_k=10, attack_method='PIA', defense_method='greedy', alpha=0.3, beta=3.0, eta=0.0, temperature=1.0, debug=False, save_response=False, use_cache=False, no_vanilla=False)
Loading data from data/realtimeqa.json......
Loading data from data/realtimeqa.json......
Total samples: 100
Total samples: 100
Total samples: 100
Total samples: 100
Namespace(local_rank=1, model_name='llama3b', dataset_name='realtimeqa', rep=1, top_k=10, attack_method='PIA', defense_method='greedy', alpha=0.3, beta=3.0, eta=0.0, temperature=1.0, debug=False, save_response=False, use_cache=False, no_vanilla=False)
Loading data from data/realtimeqa.json......
Namespace(local_rank=2, model_name='llama3b', dataset_name='realtimeqa', rep=1, top_k=10, attack_method='PIA', defense_method='greedy', alpha=0.3, beta=3.0, eta=0.0, temperature=1.0, debug=False, save_response=False, use_cache=False, no_vanilla=False)
Namespace(local_rank=3, model_name='llama3b', dataset_name='realtimeqa', rep=1, top_k=10, attack_method='PIA', defense_method='greedy', alpha=0.3, beta=3.0, eta=0.0, temperature=1.0, debug=False, save_response=False, use_cache=False, no_vanilla=False)
Loading data from data/realtimeqa.json......
Loading data from data/realtimeqa.json......
Namespace(local_rank=0, model_name='llama3b', dataset_name='realtimeqa', rep=1, top_k=10, attack_method='PIA', defense_method='greedy', alpha=0.3, beta=3.0, eta=0.0, temperature=1.0, debug=False, save_response=False, use_cache=False, no_vanilla=False)
Loading data from data/realtimeqa.json......
Total samples: 100
Total samples: 100
Total samples: 100
Total samples: 100
Namespace(local_rank=3, model_name='llama3b', dataset_name='realtimeqa', rep=1, top_k=10, attack_method='PIA', defense_method='greedy', alpha=0.3, beta=3.0, eta=0.0, temperature=1.0, debug=False, save_response=False, use_cache=False, no_vanilla=False)
Namespace(local_rank=0, model_name='llama3b', dataset_name='realtimeqa', rep=1, top_k=10, attack_method='PIA', defense_method='greedy', alpha=0.3, beta=3.0, eta=0.0, temperature=1.0, debug=False, save_response=False, use_cache=False, no_vanilla=False)
Loading data from data/realtimeqa.json......
Loading data from data/realtimeqa.json......
Namespace(local_rank=1, model_name='llama3b', dataset_name='realtimeqa', rep=1, top_k=10, attack_method='PIA', defense_method='greedy', alpha=0.3, beta=3.0, eta=0.0, temperature=1.0, debug=False, save_response=False, use_cache=False, no_vanilla=False)
Loading data from data/realtimeqa.json......
Namespace(local_rank=2, model_name='llama3b', dataset_name='realtimeqa', rep=1, top_k=10, attack_method='PIA', defense_method='greedy', alpha=0.3, beta=3.0, eta=0.0, temperature=1.0, debug=False, save_response=False, use_cache=False, no_vanilla=False)
Loading data from data/realtimeqa.json......
Total samples: 100
Total samples: 100
Total samples: 100
Total samples: 100
Namespace(local_rank=1, model_name='llama3b', dataset_name='realtimeqa', rep=1, top_k=10, attack_method='PIA', defense_method='greedy', alpha=0.3, beta=3.0, eta=0.0, temperature=1.0, debug=False, save_response=False, use_cache=False, no_vanilla=False)
Loading data from data/realtimeqa.json......
Namespace(local_rank=2, model_name='llama3b', dataset_name='realtimeqa', rep=1, top_k=10, attack_method='PIA', defense_method='greedy', alpha=0.3, beta=3.0, eta=0.0, temperature=1.0, debug=False, save_response=False, use_cache=False, no_vanilla=False)
Loading data from data/realtimeqa.json......
Namespace(local_rank=3, model_name='llama3b', dataset_name='realtimeqa', rep=1, top_k=10, attack_method='PIA', defense_method='greedy', alpha=0.3, beta=3.0, eta=0.0, temperature=1.0, debug=False, save_response=False, use_cache=False, no_vanilla=False)
Namespace(local_rank=0, model_name='llama3b', dataset_name='realtimeqa', rep=1, top_k=10, attack_method='PIA', defense_method='greedy', alpha=0.3, beta=3.0, eta=0.0, temperature=1.0, debug=False, save_response=False, use_cache=False, no_vanilla=False)
Loading data from data/realtimeqa.json......
Loading data from data/realtimeqa.json......
Total samples: 100
Total samples: 100
Total samples: 100
Total samples: 100
Namespace(local_rank=3, model_name='llama3b', dataset_name='realtimeqa', rep=1, top_k=10, attack_method='PIA', defense_method='greedy', alpha=0.3, beta=3.0, eta=0.0, temperature=1.0, debug=False, save_response=False, use_cache=False, no_vanilla=False)
Namespace(local_rank=0, model_name='llama3b', dataset_name='realtimeqa', rep=1, top_k=10, attack_method='PIA', defense_method='greedy', alpha=0.3, beta=3.0, eta=0.0, temperature=1.0, debug=False, save_response=False, use_cache=False, no_vanilla=False)
Namespace(local_rank=2, model_name='llama3b', dataset_name='realtimeqa', rep=1, top_k=10, attack_method='PIA', defense_method='greedy', alpha=0.3, beta=3.0, eta=0.0, temperature=1.0, debug=False, save_response=False, use_cache=False, no_vanilla=False)
Loading data from data/realtimeqa.json......
Loading data from data/realtimeqa.json......
Loading data from data/realtimeqa.json......
Namespace(local_rank=1, model_name='llama3b', dataset_name='realtimeqa', rep=1, top_k=10, attack_method='PIA', defense_method='greedy', alpha=0.3, beta=3.0, eta=0.0, temperature=1.0, debug=False, save_response=False, use_cache=False, no_vanilla=False)
Loading data from data/realtimeqa.json......
Total samples: 100
Total samples: 100
Total samples: 100
Total samples: 100
Namespace(local_rank=0, model_name='llama3b', dataset_name='realtimeqa', rep=1, top_k=10, attack_method='PIA', defense_method='greedy', alpha=0.3, beta=3.0, eta=0.0, temperature=1.0, debug=False, save_response=False, use_cache=False, no_vanilla=False)
Loading data from data/realtimeqa.json......
Namespace(local_rank=2, model_name='llama3b', dataset_name='realtimeqa', rep=1, top_k=10, attack_method='PIA', defense_method='greedy', alpha=0.3, beta=3.0, eta=0.0, temperature=1.0, debug=False, save_response=False, use_cache=False, no_vanilla=False)
Namespace(local_rank=1, model_name='llama3b', dataset_name='realtimeqa', rep=1, top_k=10, attack_method='PIA', defense_method='greedy', alpha=0.3, beta=3.0, eta=0.0, temperature=1.0, debug=False, save_response=False, use_cache=False, no_vanilla=False)
Loading data from data/realtimeqa.json......
Loading data from data/realtimeqa.json......
Namespace(local_rank=3, model_name='llama3b', dataset_name='realtimeqa', rep=1, top_k=10, attack_method='PIA', defense_method='greedy', alpha=0.3, beta=3.0, eta=0.0, temperature=1.0, debug=False, save_response=False, use_cache=False, no_vanilla=False)
Loading data from data/realtimeqa.json......
Total samples: 100
Total samples: 100
Total samples: 100
Total samples: 100
undefended_corr_cnt: 43
undefended_corr_cnt: 43
defended_corr_cnt: 0
######################## ASR ########################
defended_corr_cnt: 0
undefended_asr_cnt: 43
######################## ASR ########################
defended_asr_cnt: 4
undefended_corr_cnt: 43
undefended_asr_cnt: 43
undefended_corr_cnt: 43
defended_asr_cnt: 4
defended_corr_cnt: 0
######################## ASR ########################
defended_corr_cnt: 0
undefended_asr_cnt: 43
defended_asr_cnt: 4
######################## ASR ########################
undefended_asr_cnt: 43
defended_asr_cnt: 4
undefended_corr_cnt: 48
undefended_corr_cnt: 48
defended_corr_cnt: 2
######################## ASR ########################
defended_corr_cnt: 2
undefended_asr_cnt: 31
defended_asr_cnt: 0
######################## ASR ########################
undefended_asr_cnt: 31
defended_asr_cnt: 0
undefended_corr_cnt: 48
undefended_corr_cnt: 48
defended_corr_cnt: 2
######################## ASR ########################
defended_corr_cnt: 2
undefended_asr_cnt: 31
defended_asr_cnt: 0
######################## ASR ########################
undefended_asr_cnt: 31
defended_asr_cnt: 0
Namespace(local_rank=0, model_name='llama3b', dataset_name='realtimeqa', rep=1, top_k=10, attack_method='PIA', defense_method='greedy', alpha=0.3, beta=3.0, eta=0.0, temperature=1.0, debug=False, save_response=False, use_cache=False, no_vanilla=False)
Loading data from data/realtimeqa.json......
Namespace(local_rank=3, model_name='llama3b', dataset_name='realtimeqa', rep=1, top_k=10, attack_method='PIA', defense_method='greedy', alpha=0.3, beta=3.0, eta=0.0, temperature=1.0, debug=False, save_response=False, use_cache=False, no_vanilla=False)
Loading data from data/realtimeqa.json......
Namespace(local_rank=2, model_name='llama3b', dataset_name='realtimeqa', rep=1, top_k=10, attack_method='PIA', defense_method='greedy', alpha=0.3, beta=3.0, eta=0.0, temperature=1.0, debug=False, save_response=False, use_cache=False, no_vanilla=False)
Namespace(local_rank=1, model_name='llama3b', dataset_name='realtimeqa', rep=1, top_k=10, attack_method='PIA', defense_method='greedy', alpha=0.3, beta=3.0, eta=0.0, temperature=1.0, debug=False, save_response=False, use_cache=False, no_vanilla=False)
Loading data from data/realtimeqa.json......
Loading data from data/realtimeqa.json......
Total samples: 100
Total samples: 100
Total samples: 100
Total samples: 100
undefended_corr_cnt: 43
undefended_corr_cnt: 43
undefended_corr_cnt: 43
defended_corr_cnt: 0
defended_corr_cnt: 0
######################## ASR ########################
defended_corr_cnt: 0
######################## ASR ########################
undefended_asr_cnt: 41
######################## ASR ########################
undefended_asr_cnt: 41
defended_asr_cnt: 4
undefended_asr_cnt: 41
defended_asr_cnt: 4
defended_asr_cnt: 4
undefended_corr_cnt: 43
defended_corr_cnt: 0
######################## ASR ########################
undefended_asr_cnt: 41
defended_asr_cnt: 4
Namespace(local_rank=3, model_name='llama3b', dataset_name='realtimeqa', rep=1, top_k=10, attack_method='PIA', defense_method='greedy', alpha=0.3, beta=3.0, eta=0.0, temperature=1.0, debug=False, save_response=False, use_cache=False, no_vanilla=False)
Loading data from data/realtimeqa.json......
Namespace(local_rank=0, model_name='llama3b', dataset_name='realtimeqa', rep=1, top_k=10, attack_method='PIA', defense_method='greedy', alpha=0.3, beta=3.0, eta=0.0, temperature=1.0, debug=False, save_response=False, use_cache=False, no_vanilla=False)
Loading data from data/realtimeqa.json......
Namespace(local_rank=2, model_name='llama3b', dataset_name='realtimeqa', rep=1, top_k=10, attack_method='PIA', defense_method='greedy', alpha=0.3, beta=3.0, eta=0.0, temperature=1.0, debug=False, save_response=False, use_cache=False, no_vanilla=False)
Loading data from data/realtimeqa.json......
Total samples: 100
Total samples: 100
Total samples: 100
Namespace(local_rank=1, model_name='llama3b', dataset_name='realtimeqa', rep=1, top_k=10, attack_method='PIA', defense_method='greedy', alpha=0.3, beta=3.0, eta=0.0, temperature=1.0, debug=False, save_response=False, use_cache=False, no_vanilla=False)
Loading data from data/realtimeqa.json......
Total samples: 100
undefended_corr_cnt: 42
undefended_corr_cnt: 42
undefended_corr_cnt: 42
defended_corr_cnt: 0
defended_corr_cnt: 0
undefended_corr_cnt: 42
######################## ASR ########################
######################## ASR ########################
undefended_asr_cnt: 44
defended_corr_cnt: 0
undefended_asr_cnt: 44
defended_asr_cnt: 4
defended_corr_cnt: 0
######################## ASR ########################
defended_asr_cnt: 4
######################## ASR ########################
undefended_asr_cnt: 44
undefended_asr_cnt: 44
defended_asr_cnt: 4
defended_asr_cnt: 4
undefended_corr_cnt: 50
defended_corr_cnt: 2
######################## ASR ########################
undefended_asr_cnt: 26
defended_asr_cnt: 0
undefended_corr_cnt: 50
defended_corr_cnt: 2
######################## ASR ########################
undefended_asr_cnt: 26
defended_asr_cnt: 0
undefended_corr_cnt: 50
defended_corr_cnt: 2
######################## ASR ########################
undefended_asr_cnt: 26
defended_asr_cnt: 0
undefended_corr_cnt: 50
defended_corr_cnt: 2
######################## ASR ########################
undefended_asr_cnt: 26
defended_asr_cnt: 0
Namespace(local_rank=3, model_name='llama3b', dataset_name='realtimeqa', rep=1, top_k=10, attack_method='PIA', defense_method='greedy', alpha=0.3, beta=3.0, eta=0.0, temperature=1.0, debug=False, save_response=False, use_cache=False, no_vanilla=False)
Loading data from data/realtimeqa.json......
Namespace(local_rank=1, model_name='llama3b', dataset_name='realtimeqa', rep=1, top_k=10, attack_method='PIA', defense_method='greedy', alpha=0.3, beta=3.0, eta=0.0, temperature=1.0, debug=False, save_response=False, use_cache=False, no_vanilla=False)
Namespace(local_rank=2, model_name='llama3b', dataset_name='realtimeqa', rep=1, top_k=10, attack_method='PIA', defense_method='greedy', alpha=0.3, beta=3.0, eta=0.0, temperature=1.0, debug=False, save_response=False, use_cache=False, no_vanilla=False)
Loading data from data/realtimeqa.json......
Loading data from data/realtimeqa.json......
Namespace(local_rank=0, model_name='llama3b', dataset_name='realtimeqa', rep=1, top_k=10, attack_method='PIA', defense_method='greedy', alpha=0.3, beta=3.0, eta=0.0, temperature=1.0, debug=False, save_response=False, use_cache=False, no_vanilla=False)
Loading data from data/realtimeqa.json......
Total samples: 100
Total samples: 100
Total samples: 100
Total samples: 100
Namespace(local_rank=0, model_name='llama3b', dataset_name='realtimeqa', rep=1, top_k=10, attack_method='PIA', defense_method='greedy', alpha=0.3, beta=3.0, eta=0.0, temperature=1.0, debug=False, save_response=False, use_cache=False, no_vanilla=False)
Loading data from data/realtimeqa.json......
Namespace(local_rank=1, model_name='llama3b', dataset_name='realtimeqa', rep=1, top_k=10, attack_method='PIA', defense_method='greedy', alpha=0.3, beta=3.0, eta=0.0, temperature=1.0, debug=False, save_response=False, use_cache=False, no_vanilla=False)
Namespace(local_rank=2, model_name='llama3b', dataset_name='realtimeqa', rep=1, top_k=10, attack_method='PIA', defense_method='greedy', alpha=0.3, beta=3.0, eta=0.0, temperature=1.0, debug=False, save_response=False, use_cache=False, no_vanilla=False)
Namespace(local_rank=3, model_name='llama3b', dataset_name='realtimeqa', rep=1, top_k=10, attack_method='PIA', defense_method='greedy', alpha=0.3, beta=3.0, eta=0.0, temperature=1.0, debug=False, save_response=False, use_cache=False, no_vanilla=False)
Loading data from data/realtimeqa.json......
Loading data from data/realtimeqa.json......
Loading data from data/realtimeqa.json......
Total samples: 100
Total samples: 100
Total samples: 100
Total samples: 100
Namespace(local_rank=0, model_name='llama3b', dataset_name='realtimeqa', rep=1, top_k=10, attack_method='PIA', defense_method='greedy', alpha=0.3, beta=3.0, eta=0.0, temperature=1.0, debug=False, save_response=False, use_cache=False, no_vanilla=False)
Namespace(local_rank=1, model_name='llama3b', dataset_name='realtimeqa', rep=1, top_k=10, attack_method='PIA', defense_method='greedy', alpha=0.3, beta=3.0, eta=0.0, temperature=1.0, debug=False, save_response=False, use_cache=False, no_vanilla=False)
Namespace(local_rank=3, model_name='llama3b', dataset_name='realtimeqa', rep=1, top_k=10, attack_method='PIA', defense_method='greedy', alpha=0.3, beta=3.0, eta=0.0, temperature=1.0, debug=False, save_response=False, use_cache=False, no_vanilla=False)
Loading data from data/realtimeqa.json......
Loading data from data/realtimeqa.json......
Loading data from data/realtimeqa.json......
Namespace(local_rank=2, model_name='llama3b', dataset_name='realtimeqa', rep=1, top_k=10, attack_method='PIA', defense_method='greedy', alpha=0.3, beta=3.0, eta=0.0, temperature=1.0, debug=False, save_response=False, use_cache=False, no_vanilla=False)
Loading data from data/realtimeqa.json......
Total samples: 100
Total samples: 100
Total samples: 100
Total samples: 100
Namespace(local_rank=1, model_name='llama3b', dataset_name='realtimeqa', rep=1, top_k=10, attack_method='PIA', defense_method='greedy', alpha=0.3, beta=3.0, eta=0.0, temperature=1.0, debug=False, save_response=False, use_cache=False, no_vanilla=False)
Loading data from data/realtimeqa.json......
Namespace(local_rank=0, model_name='llama3b', dataset_name='realtimeqa', rep=1, top_k=10, attack_method='PIA', defense_method='greedy', alpha=0.3, beta=3.0, eta=0.0, temperature=1.0, debug=False, save_response=False, use_cache=False, no_vanilla=False)
Total samples: 100
Loading data from data/realtimeqa.json......
Namespace(local_rank=2, model_name='llama3b', dataset_name='realtimeqa', rep=1, top_k=10, attack_method='PIA', defense_method='greedy', alpha=0.3, beta=3.0, eta=0.0, temperature=1.0, debug=False, save_response=False, use_cache=False, no_vanilla=False)
Namespace(local_rank=3, model_name='llama3b', dataset_name='realtimeqa', rep=1, top_k=10, attack_method='PIA', defense_method='greedy', alpha=0.3, beta=3.0, eta=0.0, temperature=1.0, debug=False, save_response=False, use_cache=False, no_vanilla=False)
Loading data from data/realtimeqa.json......
Loading data from data/realtimeqa.json......
Total samples: 100
Total samples: 100
Total samples: 100
undefended_corr_cnt: 41
undefended_corr_cnt: 41
undefended_corr_cnt: 41
defended_corr_cnt: 22
defended_corr_cnt: 22
defended_corr_cnt: 22
######################## ASR ########################
######################## ASR ########################
######################## ASR ########################
undefended_asr_cnt: 49
undefended_asr_cnt: 49
undefended_asr_cnt: 49
defended_asr_cnt: 44
defended_asr_cnt: 44
defended_asr_cnt: 44
undefended_corr_cnt: 41
defended_corr_cnt: 22
######################## ASR ########################
undefended_asr_cnt: 49
defended_asr_cnt: 44
undefended_corr_cnt: 54
defended_corr_cnt: 22
######################## ASR ########################
undefended_asr_cnt: 26
defended_asr_cnt: 45
undefended_corr_cnt: 54
undefended_corr_cnt: 54
defended_corr_cnt: 22
######################## ASR ########################
undefended_asr_cnt: 26
defended_asr_cnt: 45
defended_corr_cnt: 22
undefended_corr_cnt: 54
######################## ASR ########################
undefended_asr_cnt: 26
defended_asr_cnt: 45
defended_corr_cnt: 22
######################## ASR ########################
undefended_asr_cnt: 26
defended_asr_cnt: 45
undefended_corr_cnt: 46
defended_corr_cnt: 26
######################## ASR ########################
undefended_asr_cnt: 39
defended_asr_cnt: 35
undefended_corr_cnt: 46
undefended_corr_cnt: 46
defended_corr_cnt: 26
######################## ASR ########################
undefended_asr_cnt: 39
defended_asr_cnt: 35
defended_corr_cnt: 26
######################## ASR ########################
undefended_asr_cnt: 39
defended_asr_cnt: 35
undefended_corr_cnt: 46
defended_corr_cnt: 26
######################## ASR ########################
undefended_asr_cnt: 39
defended_asr_cnt: 35
undefended_corr_cnt: 43
undefended_corr_cnt: 43
undefended_corr_cnt: 43
undefended_corr_cnt: 43
defended_corr_cnt: 29
defended_corr_cnt: 29
defended_corr_cnt: 29
defended_corr_cnt: 29
######################## ASR ########################
######################## ASR ########################
######################## ASR ########################
undefended_asr_cnt: 36
undefended_asr_cnt: 36
######################## ASR ########################
undefended_asr_cnt: 36
defended_asr_cnt: 27
defended_asr_cnt: 27
undefended_asr_cnt: 36
defended_asr_cnt: 27
defended_asr_cnt: 27
Namespace(local_rank=2, model_name='llama3b', dataset_name='realtimeqa', rep=5, top_k=10, attack_method='PIA', defense_method='greedy', alpha=0.3, beta=3.0, eta=0.0, temperature=1.0, debug=False, save_response=False, use_cache=False, no_vanilla=False)
Loading data from data/realtimeqa.json......
Namespace(local_rank=3, model_name='llama3b', dataset_name='realtimeqa', rep=5, top_k=10, attack_method='PIA', defense_method='greedy', alpha=0.3, beta=3.0, eta=0.0, temperature=1.0, debug=False, save_response=False, use_cache=False, no_vanilla=False)
Loading data from data/realtimeqa.json......
Namespace(local_rank=1, model_name='llama3b', dataset_name='realtimeqa', rep=5, top_k=10, attack_method='PIA', defense_method='greedy', alpha=0.3, beta=3.0, eta=0.0, temperature=1.0, debug=False, save_response=False, use_cache=False, no_vanilla=False)
Loading data from data/realtimeqa.json......
Namespace(local_rank=0, model_name='llama3b', dataset_name='realtimeqa', rep=5, top_k=10, attack_method='PIA', defense_method='greedy', alpha=0.3, beta=3.0, eta=0.0, temperature=1.0, debug=False, save_response=False, use_cache=False, no_vanilla=False)
Loading data from data/realtimeqa.json......
Total samples: 100
Total samples: 100
Total samples: 100
Total samples: 100
Namespace(local_rank=2, model_name='llama3b', dataset_name='realtimeqa', rep=5, top_k=10, attack_method='PIA', defense_method='greedy', alpha=0.3, beta=3.0, eta=0.0, temperature=1.0, debug=False, save_response=False, use_cache=False, no_vanilla=False)
Namespace(local_rank=3, model_name='llama3b', dataset_name='realtimeqa', rep=5, top_k=10, attack_method='PIA', defense_method='greedy', alpha=0.3, beta=3.0, eta=0.0, temperature=1.0, debug=False, save_response=False, use_cache=False, no_vanilla=False)
Loading data from data/realtimeqa.json......
Loading data from data/realtimeqa.json......
Namespace(local_rank=1, model_name='llama3b', dataset_name='realtimeqa', rep=5, top_k=10, attack_method='PIA', defense_method='greedy', alpha=0.3, beta=3.0, eta=0.0, temperature=1.0, debug=False, save_response=False, use_cache=False, no_vanilla=False)
Namespace(local_rank=0, model_name='llama3b', dataset_name='realtimeqa', rep=5, top_k=10, attack_method='PIA', defense_method='greedy', alpha=0.3, beta=3.0, eta=0.0, temperature=1.0, debug=False, save_response=False, use_cache=False, no_vanilla=False)
Loading data from data/realtimeqa.json......
Loading data from data/realtimeqa.json......
Total samples: 100
Total samples: 100
Total samples: 100
Total samples: 100
undefended_corr_cnt: 209
defended_corr_cnt: 110
######################## ASR ########################
undefended_asr_cnt: 41
undefended_corr_cnt: 209
defended_asr_cnt: 220
undefended_corr_cnt: 209
undefended_corr_cnt: 209
defended_corr_cnt: 110
defended_corr_cnt: 110
######################## ASR ########################
######################## ASR ########################
undefended_asr_cnt: 41
undefended_asr_cnt: 41
defended_asr_cnt: 220
defended_corr_cnt: 110
defended_asr_cnt: 220
######################## ASR ########################
undefended_asr_cnt: 41
defended_asr_cnt: 220
undefended_corr_cnt: 262
defended_corr_cnt: 110
######################## ASR ########################
undefended_asr_cnt: 29
defended_asr_cnt: 225
undefended_corr_cnt: 262
undefended_corr_cnt: 262
defended_corr_cnt: 110
######################## ASR ########################
defended_corr_cnt: 110
undefended_asr_cnt: 29
######################## ASR ########################
defended_asr_cnt: 225
undefended_asr_cnt: 29
defended_asr_cnt: 225
undefended_corr_cnt: 262
defended_corr_cnt: 110
######################## ASR ########################
undefended_asr_cnt: 29
defended_asr_cnt: 225
undefended_corr_cnt: 220
undefended_corr_cnt: 220
defended_corr_cnt: 130
defended_corr_cnt: 130
######################## ASR ########################
undefended_asr_cnt: 41
######################## ASR ########################
defended_asr_cnt: 175
undefended_corr_cnt: 220
undefended_asr_cnt: 41
defended_asr_cnt: 175
undefended_corr_cnt: 220
defended_corr_cnt: 130
######################## ASR ########################
undefended_asr_cnt: 41
defended_corr_cnt: 130
defended_asr_cnt: 175
######################## ASR ########################
undefended_asr_cnt: 41
defended_asr_cnt: 175
undefended_corr_cnt: 210
undefended_corr_cnt: 210
defended_corr_cnt: 145
######################## ASR ########################
defended_corr_cnt: 145
undefended_asr_cnt: 36
######################## ASR ########################
defended_asr_cnt: 135
undefended_asr_cnt: 36
undefended_corr_cnt: 210
defended_asr_cnt: 135
defended_corr_cnt: 145
######################## ASR ########################
undefended_asr_cnt: 36
defended_asr_cnt: 135
undefended_corr_cnt: 210
defended_corr_cnt: 145
######################## ASR ########################
undefended_asr_cnt: 36
defended_asr_cnt: 135
undefended_corr_cnt: 214
undefended_corr_cnt: 214
defended_corr_cnt: 165
defended_corr_cnt: 165
######################## ASR ########################
######################## ASR ########################
undefended_asr_cnt: 35
undefended_asr_cnt: 35
defended_asr_cnt: 115
defended_asr_cnt: 115
undefended_corr_cnt: 214
defended_corr_cnt: 165
undefended_corr_cnt: 214
######################## ASR ########################
undefended_asr_cnt: 35
defended_asr_cnt: 115
defended_corr_cnt: 165
######################## ASR ########################
undefended_asr_cnt: 35
defended_asr_cnt: 115
undefended_corr_cnt: 190
undefended_corr_cnt: 190
undefended_corr_cnt: 190
defended_corr_cnt: 170
defended_corr_cnt: 170
######################## ASR ########################
undefended_corr_cnt: 190
undefended_asr_cnt: 39
######################## ASR ########################
defended_asr_cnt: 90
undefended_asr_cnt: 39
defended_corr_cnt: 170
defended_asr_cnt: 90
######################## ASR ########################
undefended_asr_cnt: 39
defended_corr_cnt: 170
defended_asr_cnt: 90
######################## ASR ########################
undefended_asr_cnt: 39
defended_asr_cnt: 90
undefended_corr_cnt: 188
undefended_corr_cnt: 188
undefended_corr_cnt: 188
defended_corr_cnt: 175
defended_corr_cnt: 175
######################## ASR ########################
######################## ASR ########################
undefended_asr_cnt: 38
undefended_asr_cnt: 38
defended_asr_cnt: 60
defended_asr_cnt: 60
defended_corr_cnt: 175
######################## ASR ########################
undefended_asr_cnt: 38
defended_asr_cnt: 60
undefended_corr_cnt: 188
defended_corr_cnt: 175
######################## ASR ########################
undefended_asr_cnt: 38
defended_asr_cnt: 60
undefended_corr_cnt: 179
undefended_corr_cnt: 179
defended_corr_cnt: 180
undefended_corr_cnt: 179
######################## ASR ########################
undefended_asr_cnt: 38
undefended_corr_cnt: 179
defended_corr_cnt: 180
defended_asr_cnt: 45
######################## ASR ########################
defended_corr_cnt: 180
undefended_asr_cnt: 38
######################## ASR ########################
defended_asr_cnt: 45
defended_corr_cnt: 180
undefended_asr_cnt: 38
######################## ASR ########################
defended_asr_cnt: 45
undefended_asr_cnt: 38
defended_asr_cnt: 45
undefended_corr_cnt: 144
undefended_corr_cnt: 144
undefended_corr_cnt: 144
undefended_corr_cnt: 144
defended_corr_cnt: 185
defended_corr_cnt: 185
######################## ASR ########################
undefended_asr_cnt: 41
######################## ASR ########################
defended_asr_cnt: 30
undefended_asr_cnt: 41
defended_corr_cnt: 185
defended_corr_cnt: 185
defended_asr_cnt: 30
######################## ASR ########################
######################## ASR ########################
undefended_asr_cnt: 41
undefended_asr_cnt: 41
defended_asr_cnt: 30
defended_asr_cnt: 30
undefended_corr_cnt: 73
undefended_corr_cnt: 73
undefended_corr_cnt: 73
undefended_corr_cnt: 73
defended_corr_cnt: 185
defended_corr_cnt: 185
defended_corr_cnt: 185
######################## ASR ########################
######################## ASR ########################
undefended_asr_cnt: 50
######################## ASR ########################
defended_corr_cnt: 185
undefended_asr_cnt: 50
defended_asr_cnt: 55
undefended_asr_cnt: 50
defended_asr_cnt: 55
######################## ASR ########################
defended_asr_cnt: 55
undefended_asr_cnt: 50
defended_asr_cnt: 55
