Namespace(local_rank=0, model_name='llama3b', dataset_name='simpleqa', rep=2, top_k=10, attack_method='Poison', defense_method='decoding', alpha=0.3, beta=3.0, eta=0.0, temperature=1.0, debug=False, save_response=False, use_cache=False, no_vanilla=False)
Loading data from data/simpleqa.json......
Total samples: 500
Params: Gamma: 0.8, rank: 0
undefended_corr_cnt: 428
defended_corr_cnt: 332
######################## ASR ########################
undefended_asr_cnt: 16
defended_asr_cnt: 12
Params: Gamma: 0.8, rank: 1
undefended_corr_cnt: 445
defended_corr_cnt: 354
######################## ASR ########################
undefended_asr_cnt: 14
defended_asr_cnt: 14
Params: Gamma: 0.8, rank: 2
undefended_corr_cnt: 454
defended_corr_cnt: 382
######################## ASR ########################
undefended_asr_cnt: 11
defended_asr_cnt: 12
Params: Gamma: 0.8, rank: 3
undefended_corr_cnt: 463
defended_corr_cnt: 392
######################## ASR ########################
undefended_asr_cnt: 21
defended_asr_cnt: 12
Params: Gamma: 0.8, rank: 4
undefended_corr_cnt: 463
defended_corr_cnt: 382
######################## ASR ########################
undefended_asr_cnt: 15
defended_asr_cnt: 12
Params: Gamma: 0.8, rank: 5
undefended_corr_cnt: 485
defended_corr_cnt: 382
######################## ASR ########################
undefended_asr_cnt: 9
defended_asr_cnt: 10
Params: Gamma: 0.8, rank: 6
undefended_corr_cnt: 477
defended_corr_cnt: 384
######################## ASR ########################
undefended_asr_cnt: 14
defended_asr_cnt: 10
Params: Gamma: 0.8, rank: 7
undefended_corr_cnt: 458
defended_corr_cnt: 394
######################## ASR ########################
undefended_asr_cnt: 11
defended_asr_cnt: 8
Params: Gamma: 0.8, rank: 8
undefended_corr_cnt: 475
defended_corr_cnt: 390
######################## ASR ########################
undefended_asr_cnt: 13
defended_asr_cnt: 10
Params: Gamma: 0.8, rank: 9
undefended_corr_cnt: 474
defended_corr_cnt: 388
######################## ASR ########################
undefended_asr_cnt: 11
defended_asr_cnt: 10
Params: Gamma: 1.0, rank: 0
undefended_corr_cnt: 440
defended_corr_cnt: 314
######################## ASR ########################
undefended_asr_cnt: 19
defended_asr_cnt: 12
Params: Gamma: 1.0, rank: 1
undefended_corr_cnt: 446
defended_corr_cnt: 334
######################## ASR ########################
undefended_asr_cnt: 13
defended_asr_cnt: 12
Params: Gamma: 1.0, rank: 2
undefended_corr_cnt: 457
defended_corr_cnt: 346
######################## ASR ########################
undefended_asr_cnt: 14
defended_asr_cnt: 14
