Namespace(local_rank=0, model_name='mistral7b', dataset_name='simpleqa', rep=2, top_k=10, attack_method='Poison', defense_method='decoding', alpha=0.3, beta=3.0, eta=0.0, temperature=1.0, debug=False, save_response=False, use_cache=False, no_vanilla=False)
Loading data from data/simpleqa.json......
Total samples: 500
Params: Gamma: 0.8, rank: 0
undefended_corr_cnt: 460
defended_corr_cnt: 338
######################## ASR ########################
undefended_asr_cnt: 23
defended_asr_cnt: 12
Params: Gamma: 0.8, rank: 1
undefended_corr_cnt: 471
defended_corr_cnt: 364
######################## ASR ########################
undefended_asr_cnt: 23
defended_asr_cnt: 10
Params: Gamma: 0.8, rank: 2
undefended_corr_cnt: 469
defended_corr_cnt: 386
######################## ASR ########################
undefended_asr_cnt: 24
defended_asr_cnt: 12
Params: Gamma: 0.8, rank: 3
undefended_corr_cnt: 474
defended_corr_cnt: 392
######################## ASR ########################
undefended_asr_cnt: 29
defended_asr_cnt: 12
Params: Gamma: 0.8, rank: 4
undefended_corr_cnt: 466
defended_corr_cnt: 392
######################## ASR ########################
undefended_asr_cnt: 26
defended_asr_cnt: 8
Params: Gamma: 0.8, rank: 5
undefended_corr_cnt: 465
defended_corr_cnt: 386
######################## ASR ########################
undefended_asr_cnt: 34
defended_asr_cnt: 6
Params: Gamma: 0.8, rank: 6
undefended_corr_cnt: 454
defended_corr_cnt: 384
######################## ASR ########################
undefended_asr_cnt: 33
defended_asr_cnt: 12
Params: Gamma: 0.8, rank: 7
undefended_corr_cnt: 459
defended_corr_cnt: 392
######################## ASR ########################
undefended_asr_cnt: 36
defended_asr_cnt: 8
Params: Gamma: 0.8, rank: 8
undefended_corr_cnt: 465
defended_corr_cnt: 394
######################## ASR ########################
undefended_asr_cnt: 33
defended_asr_cnt: 6
